{"C:\\H\\cerami-craft\\app\\_layout.tsx": {"path":"C:\\H\\cerami-craft\\app\\_layout.tsx","statementMap":{"0":{"start":{"line":13,"column":0},"end":{"line":20,"column":3}},"1":{"start":{"line":14,"column":35},"end":{"line":19,"column":3}},"2":{"start":{"line":22,"column":0},"end":{"line":55,"column":3}},"3":{"start":{"line":23,"column":2},"end":{"line":23,"column":46}},"4":{"start":{"line":24,"column":20},"end":{"line":24,"column":44}},"5":{"start":{"line":25,"column":2},"end":{"line":28,"column":3}},"6":{"start":{"line":26,"column":4},"end":{"line":26,"column":42}},"7":{"start":{"line":27,"column":4},"end":{"line":27,"column":11}},"8":{"start":{"line":30,"column":19},"end":{"line":30,"column":37}},"9":{"start":{"line":31,"column":2},"end":{"line":31,"column":55}},"10":{"start":{"line":31,"column":48},"end":{"line":31,"column":55}},"11":{"start":{"line":32,"column":39},"end":{"line":32,"column":47}},"12":{"start":{"line":33,"column":2},"end":{"line":54,"column":3}},"13":{"start":{"line":34,"column":24},"end":{"line":34,"column":66}},"14":{"start":{"line":35,"column":4},"end":{"line":38,"column":5}},"15":{"start":{"line":36,"column":6},"end":{"line":36,"column":44}},"16":{"start":{"line":37,"column":6},"end":{"line":37,"column":13}},"17":{"start":{"line":40,"column":21},"end":{"line":40,"column":77}},"18":{"start":{"line":41,"column":4},"end":{"line":41,"column":48}},"19":{"start":{"line":43,"column":4},"end":{"line":50,"column":7}},"20":{"start":{"line":53,"column":4},"end":{"line":53,"column":34}},"21":{"start":{"line":57,"column":17},"end":{"line":57,"column":84}},"22":{"start":{"line":58,"column":0},"end":{"line":77,"column":1}},"23":{"start":{"line":59,"column":2},"end":{"line":76,"column":5}},"24":{"start":{"line":73,"column":4},"end":{"line":73,"column":49}},"25":{"start":{"line":75,"column":4},"end":{"line":75,"column":48}},"26":{"start":{"line":80,"column":21},"end":{"line":80,"column":55}},"27":{"start":{"line":80,"column":38},"end":{"line":80,"column":54}},"28":{"start":{"line":81,"column":2},"end":{"line":81,"column":16}},"29":{"start":{"line":82,"column":2},"end":{"line":84,"column":18}},"30":{"start":{"line":83,"column":4},"end":{"line":83,"column":17}},"31":{"start":{"line":86,"column":2},"end":{"line":123,"column":9}},"32":{"start":{"line":88,"column":34},"end":{"line":117,"column":6}},"33":{"start":{"line":89,"column":6},"end":{"line":89,"column":59}},"34":{"start":{"line":90,"column":23},"end":{"line":90,"column":41}},"35":{"start":{"line":91,"column":6},"end":{"line":91,"column":59}},"36":{"start":{"line":91,"column":52},"end":{"line":91,"column":59}},"37":{"start":{"line":93,"column":43},"end":{"line":93,"column":51}},"38":{"start":{"line":95,"column":6},"end":{"line":116,"column":7}},"39":{"start":{"line":96,"column":28},"end":{"line":96,"column":70}},"40":{"start":{"line":97,"column":8},"end":{"line":100,"column":9}},"41":{"start":{"line":98,"column":10},"end":{"line":98,"column":48}},"42":{"start":{"line":99,"column":10},"end":{"line":99,"column":17}},"43":{"start":{"line":102,"column":25},"end":{"line":102,"column":81}},"44":{"start":{"line":103,"column":8},"end":{"line":103,"column":52}},"45":{"start":{"line":105,"column":8},"end":{"line":112,"column":11}},"46":{"start":{"line":115,"column":8},"end":{"line":115,"column":38}},"47":{"start":{"line":120,"column":4},"end":{"line":122,"column":6}},"48":{"start":{"line":121,"column":6},"end":{"line":121,"column":30}},"49":{"start":{"line":124,"column":2},"end":{"line":141,"column":4}}},"fnMap":{"0":{"name":"(anonymous_0)","decl":{"start":{"line":14,"column":22},"end":{"line":14,"column":23}},"loc":{"start":{"line":14,"column":35},"end":{"line":19,"column":3}},"line":14},"1":{"name":"(anonymous_1)","decl":{"start":{"line":22,"column":40},"end":{"line":22,"column":41}},"loc":{"start":{"line":22,"column":63},"end":{"line":55,"column":1}},"line":22},"2":{"name":"(anonymous_2)","decl":{"start":{"line":72,"column":10},"end":{"line":72,"column":11}},"loc":{"start":{"line":72,"column":16},"end":{"line":74,"column":3}},"line":72},"3":{"name":"(anonymous_3)","decl":{"start":{"line":74,"column":11},"end":{"line":74,"column":12}},"loc":{"start":{"line":74,"column":18},"end":{"line":76,"column":3}},"line":74},"4":{"name":"Layout","decl":{"start":{"line":79,"column":24},"end":{"line":79,"column":30}},"loc":{"start":{"line":79,"column":33},"end":{"line":142,"column":1}},"line":79},"5":{"name":"(anonymous_5)","decl":{"start":{"line":80,"column":29},"end":{"line":80,"column":30}},"loc":{"start":{"line":80,"column":38},"end":{"line":80,"column":54}},"line":80},"6":{"name":"(anonymous_6)","decl":{"start":{"line":82,"column":12},"end":{"line":82,"column":13}},"loc":{"start":{"line":82,"column":18},"end":{"line":84,"column":3}},"line":82},"7":{"name":"(anonymous_7)","decl":{"start":{"line":86,"column":12},"end":{"line":86,"column":13}},"loc":{"start":{"line":86,"column":18},"end":{"line":123,"column":3}},"line":86},"8":{"name":"(anonymous_8)","decl":{"start":{"line":88,"column":56},"end":{"line":88,"column":57}},"loc":{"start":{"line":88,"column":81},"end":{"line":117,"column":5}},"line":88},"9":{"name":"(anonymous_9)","decl":{"start":{"line":120,"column":11},"end":{"line":120,"column":12}},"loc":{"start":{"line":120,"column":17},"end":{"line":122,"column":5}},"line":120}},"branchMap":{"0":{"loc":{"start":{"line":25,"column":2},"end":{"line":28,"column":3}},"type":"if","locations":[{"start":{"line":25,"column":2},"end":{"line":28,"column":3}},{"start":{},"end":{}}],"line":25},"1":{"loc":{"start":{"line":31,"column":2},"end":{"line":31,"column":55}},"type":"if","locations":[{"start":{"line":31,"column":2},"end":{"line":31,"column":55}},{"start":{},"end":{}}],"line":31},"2":{"loc":{"start":{"line":31,"column":6},"end":{"line":31,"column":46}},"type":"binary-expr","locations":[{"start":{"line":31,"column":6},"end":{"line":31,"column":15}},{"start":{"line":31,"column":19},"end":{"line":31,"column":46}}],"line":31},"3":{"loc":{"start":{"line":35,"column":4},"end":{"line":38,"column":5}},"type":"if","locations":[{"start":{"line":35,"column":4},"end":{"line":38,"column":5}},{"start":{},"end":{}}],"line":35},"4":{"loc":{"start":{"line":45,"column":15},"end":{"line":45,"column":60}},"type":"binary-expr","locations":[{"start":{"line":45,"column":15},"end":{"line":45,"column":30}},{"start":{"line":45,"column":34},"end":{"line":45,"column":60}}],"line":45},"5":{"loc":{"start":{"line":46,"column":14},"end":{"line":46,"column":51}},"type":"binary-expr","locations":[{"start":{"line":46,"column":14},"end":{"line":46,"column":22}},{"start":{"line":46,"column":26},"end":{"line":46,"column":51}}],"line":46},"6":{"loc":{"start":{"line":58,"column":0},"end":{"line":77,"column":1}},"type":"if","locations":[{"start":{"line":58,"column":0},"end":{"line":77,"column":1}},{"start":{},"end":{}}],"line":58},"7":{"loc":{"start":{"line":91,"column":6},"end":{"line":91,"column":59}},"type":"if","locations":[{"start":{"line":91,"column":6},"end":{"line":91,"column":59}},{"start":{},"end":{}}],"line":91},"8":{"loc":{"start":{"line":91,"column":10},"end":{"line":91,"column":50}},"type":"binary-expr","locations":[{"start":{"line":91,"column":10},"end":{"line":91,"column":19}},{"start":{"line":91,"column":23},"end":{"line":91,"column":50}}],"line":91},"9":{"loc":{"start":{"line":97,"column":8},"end":{"line":100,"column":9}},"type":"if","locations":[{"start":{"line":97,"column":8},"end":{"line":100,"column":9}},{"start":{},"end":{}}],"line":97},"10":{"loc":{"start":{"line":107,"column":19},"end":{"line":107,"column":64}},"type":"binary-expr","locations":[{"start":{"line":107,"column":19},"end":{"line":107,"column":34}},{"start":{"line":107,"column":38},"end":{"line":107,"column":64}}],"line":107},"11":{"loc":{"start":{"line":108,"column":18},"end":{"line":108,"column":55}},"type":"binary-expr","locations":[{"start":{"line":108,"column":18},"end":{"line":108,"column":26}},{"start":{"line":108,"column":30},"end":{"line":108,"column":55}}],"line":108}},"s":{"0":0,"1":0,"2":0,"3":0,"4":0,"5":0,"6":0,"7":0,"8":0,"9":0,"10":0,"11":0,"12":0,"13":0,"14":0,"15":0,"16":0,"17":0,"18":0,"19":0,"20":0,"21":0,"22":0,"23":0,"24":0,"25":0,"26":0,"27":0,"28":0,"29":0,"30":0,"31":0,"32":0,"33":0,"34":0,"35":0,"36":0,"37":0,"38":0,"39":0,"40":0,"41":0,"42":0,"43":0,"44":0,"45":0,"46":0,"47":0,"48":0,"49":0},"f":{"0":0,"1":0,"2":0,"3":0,"4":0,"5":0,"6":0,"7":0,"8":0,"9":0},"b":{"0":[0,0],"1":[0,0],"2":[0,0],"3":[0,0],"4":[0,0],"5":[0,0],"6":[0,0],"7":[0,0],"8":[0,0],"9":[0,0],"10":[0,0],"11":[0,0]}}
,"C:\\H\\cerami-craft\\app\\address.tsx": {"path":"C:\\H\\cerami-craft\\app\\address.tsx","statementMap":{"0":{"start":{"line":29,"column":17},"end":{"line":29,"column":28}},"1":{"start":{"line":31,"column":36},"end":{"line":31,"column":63}},"2":{"start":{"line":32,"column":32},"end":{"line":32,"column":46}},"3":{"start":{"line":35,"column":42},"end":{"line":35,"column":57}},"4":{"start":{"line":36,"column":38},"end":{"line":36,"column":53}},"5":{"start":{"line":37,"column":36},"end":{"line":37,"column":65}},"6":{"start":{"line":39,"column":26},"end":{"line":49,"column":4}},"7":{"start":{"line":51,"column":2},"end":{"line":53,"column":9}},"8":{"start":{"line":52,"column":4},"end":{"line":52,"column":21}},"9":{"start":{"line":56,"column":25},"end":{"line":66,"column":3}},"10":{"start":{"line":57,"column":4},"end":{"line":57,"column":21}},"11":{"start":{"line":58,"column":4},"end":{"line":65,"column":5}},"12":{"start":{"line":59,"column":19},"end":{"line":59,"column":43}},"13":{"start":{"line":60,"column":6},"end":{"line":60,"column":31}},"14":{"start":{"line":62,"column":6},"end":{"line":62,"column":72}},"15":{"start":{"line":64,"column":6},"end":{"line":64,"column":24}},"16":{"start":{"line":69,"column":20},"end":{"line":77,"column":3}},"17":{"start":{"line":70,"column":4},"end":{"line":70,"column":23}},"18":{"start":{"line":71,"column":4},"end":{"line":75,"column":7}},"19":{"start":{"line":76,"column":4},"end":{"line":76,"column":26}},"20":{"start":{"line":80,"column":21},"end":{"line":94,"column":3}},"21":{"start":{"line":81,"column":4},"end":{"line":81,"column":26}},"22":{"start":{"line":82,"column":4},"end":{"line":92,"column":7}},"23":{"start":{"line":93,"column":4},"end":{"line":93,"column":26}},"24":{"start":{"line":97,"column":23},"end":{"line":113,"column":3}},"25":{"start":{"line":98,"column":4},"end":{"line":112,"column":7}},"26":{"start":{"line":104,"column":10},"end":{"line":109,"column":11}},"27":{"start":{"line":105,"column":12},"end":{"line":105,"column":40}},"28":{"start":{"line":106,"column":12},"end":{"line":106,"column":29}},"29":{"start":{"line":108,"column":12},"end":{"line":108,"column":78}},"30":{"start":{"line":116,"column":23},"end":{"line":148,"column":3}},"31":{"start":{"line":117,"column":4},"end":{"line":120,"column":5}},"32":{"start":{"line":118,"column":6},"end":{"line":118,"column":93}},"33":{"start":{"line":119,"column":6},"end":{"line":119,"column":13}},"34":{"start":{"line":122,"column":4},"end":{"line":126,"column":5}},"35":{"start":{"line":124,"column":6},"end":{"line":124,"column":136}},"36":{"start":{"line":125,"column":6},"end":{"line":125,"column":13}},"37":{"start":{"line":128,"column":4},"end":{"line":128,"column":24}},"38":{"start":{"line":129,"column":4},"end":{"line":147,"column":5}},"39":{"start":{"line":130,"column":6},"end":{"line":140,"column":7}},"40":{"start":{"line":132,"column":8},"end":{"line":136,"column":11}},"41":{"start":{"line":139,"column":8},"end":{"line":139,"column":38}},"42":{"start":{"line":141,"column":6},"end":{"line":141,"column":29}},"43":{"start":{"line":142,"column":6},"end":{"line":142,"column":23}},"44":{"start":{"line":144,"column":6},"end":{"line":144,"column":70}},"45":{"start":{"line":146,"column":6},"end":{"line":146,"column":27}},"46":{"start":{"line":151,"column":21},"end":{"line":173,"column":3}},"47":{"start":{"line":152,"column":4},"end":{"line":172,"column":11}},"48":{"start":{"line":163,"column":66},"end":{"line":163,"column":82}},"49":{"start":{"line":167,"column":66},"end":{"line":167,"column":87}},"50":{"start":{"line":175,"column":2},"end":{"line":270,"column":4}},"51":{"start":{"line":178,"column":41},"end":{"line":178,"column":54}},"52":{"start":{"line":190,"column":34},"end":{"line":190,"column":52}},"53":{"start":{"line":215,"column":45},"end":{"line":215,"column":67}},"54":{"start":{"line":226,"column":32},"end":{"line":226,"column":36}},"55":{"start":{"line":230,"column":152},"end":{"line":230,"column":185}},"56":{"start":{"line":231,"column":131},"end":{"line":231,"column":163}},"57":{"start":{"line":233,"column":125},"end":{"line":233,"column":161}},"58":{"start":{"line":234,"column":120},"end":{"line":234,"column":149}},"59":{"start":{"line":236,"column":140},"end":{"line":236,"column":167}},"60":{"start":{"line":237,"column":135},"end":{"line":237,"column":166}},"61":{"start":{"line":240,"column":147},"end":{"line":240,"column":178}},"62":{"start":{"line":241,"column":127},"end":{"line":241,"column":157}},"63":{"start":{"line":248,"column":42},"end":{"line":248,"column":75}},"64":{"start":{"line":273,"column":15},"end":{"line":308,"column":2}}},"fnMap":{"0":{"name":"AddressesScreen","decl":{"start":{"line":28,"column":24},"end":{"line":28,"column":39}},"loc":{"start":{"line":28,"column":42},"end":{"line":271,"column":1}},"line":28},"1":{"name":"(anonymous_1)","decl":{"start":{"line":51,"column":12},"end":{"line":51,"column":13}},"loc":{"start":{"line":51,"column":18},"end":{"line":53,"column":3}},"line":51},"2":{"name":"(anonymous_2)","decl":{"start":{"line":56,"column":25},"end":{"line":56,"column":26}},"loc":{"start":{"line":56,"column":37},"end":{"line":66,"column":3}},"line":56},"3":{"name":"(anonymous_3)","decl":{"start":{"line":69,"column":20},"end":{"line":69,"column":21}},"loc":{"start":{"line":69,"column":26},"end":{"line":77,"column":3}},"line":69},"4":{"name":"(anonymous_4)","decl":{"start":{"line":80,"column":21},"end":{"line":80,"column":22}},"loc":{"start":{"line":80,"column":44},"end":{"line":94,"column":3}},"line":80},"5":{"name":"(anonymous_5)","decl":{"start":{"line":97,"column":23},"end":{"line":97,"column":24}},"loc":{"start":{"line":97,"column":39},"end":{"line":113,"column":3}},"line":97},"6":{"name":"(anonymous_6)","decl":{"start":{"line":103,"column":17},"end":{"line":103,"column":18}},"loc":{"start":{"line":103,"column":29},"end":{"line":110,"column":9}},"line":103},"7":{"name":"(anonymous_7)","decl":{"start":{"line":116,"column":23},"end":{"line":116,"column":24}},"loc":{"start":{"line":116,"column":35},"end":{"line":148,"column":3}},"line":116},"8":{"name":"(anonymous_8)","decl":{"start":{"line":151,"column":21},"end":{"line":151,"column":22}},"loc":{"start":{"line":152,"column":4},"end":{"line":172,"column":11}},"line":152},"9":{"name":"(anonymous_9)","decl":{"start":{"line":163,"column":60},"end":{"line":163,"column":61}},"loc":{"start":{"line":163,"column":66},"end":{"line":163,"column":82}},"line":163},"10":{"name":"(anonymous_10)","decl":{"start":{"line":167,"column":60},"end":{"line":167,"column":61}},"loc":{"start":{"line":167,"column":66},"end":{"line":167,"column":87}},"line":167},"11":{"name":"(anonymous_11)","decl":{"start":{"line":178,"column":35},"end":{"line":178,"column":36}},"loc":{"start":{"line":178,"column":41},"end":{"line":178,"column":54}},"line":178},"12":{"name":"(anonymous_12)","decl":{"start":{"line":190,"column":24},"end":{"line":190,"column":25}},"loc":{"start":{"line":190,"column":34},"end":{"line":190,"column":52}},"line":190},"13":{"name":"(anonymous_13)","decl":{"start":{"line":215,"column":39},"end":{"line":215,"column":40}},"loc":{"start":{"line":215,"column":45},"end":{"line":215,"column":67}},"line":215},"14":{"name":"(anonymous_14)","decl":{"start":{"line":226,"column":26},"end":{"line":226,"column":27}},"loc":{"start":{"line":226,"column":32},"end":{"line":226,"column":36}},"line":226},"15":{"name":"(anonymous_15)","decl":{"start":{"line":230,"column":147},"end":{"line":230,"column":148}},"loc":{"start":{"line":230,"column":152},"end":{"line":230,"column":185}},"line":230},"16":{"name":"(anonymous_16)","decl":{"start":{"line":231,"column":126},"end":{"line":231,"column":127}},"loc":{"start":{"line":231,"column":131},"end":{"line":231,"column":163}},"line":231},"17":{"name":"(anonymous_17)","decl":{"start":{"line":233,"column":120},"end":{"line":233,"column":121}},"loc":{"start":{"line":233,"column":125},"end":{"line":233,"column":161}},"line":233},"18":{"name":"(anonymous_18)","decl":{"start":{"line":234,"column":115},"end":{"line":234,"column":116}},"loc":{"start":{"line":234,"column":120},"end":{"line":234,"column":149}},"line":234},"19":{"name":"(anonymous_19)","decl":{"start":{"line":236,"column":135},"end":{"line":236,"column":136}},"loc":{"start":{"line":236,"column":140},"end":{"line":236,"column":167}},"line":236},"20":{"name":"(anonymous_20)","decl":{"start":{"line":237,"column":130},"end":{"line":237,"column":131}},"loc":{"start":{"line":237,"column":135},"end":{"line":237,"column":166}},"line":237},"21":{"name":"(anonymous_21)","decl":{"start":{"line":240,"column":142},"end":{"line":240,"column":143}},"loc":{"start":{"line":240,"column":147},"end":{"line":240,"column":178}},"line":240},"22":{"name":"(anonymous_22)","decl":{"start":{"line":241,"column":122},"end":{"line":241,"column":123}},"loc":{"start":{"line":241,"column":127},"end":{"line":241,"column":157}},"line":241},"23":{"name":"(anonymous_23)","decl":{"start":{"line":248,"column":37},"end":{"line":248,"column":38}},"loc":{"start":{"line":248,"column":42},"end":{"line":248,"column":75}},"line":248}},"branchMap":{"0":{"loc":{"start":{"line":60,"column":19},"end":{"line":60,"column":29}},"type":"binary-expr","locations":[{"start":{"line":60,"column":19},"end":{"line":60,"column":23}},{"start":{"line":60,"column":27},"end":{"line":60,"column":29}}],"line":60},"1":{"loc":{"start":{"line":62,"column":27},"end":{"line":62,"column":70}},"type":"binary-expr","locations":[{"start":{"line":62,"column":27},"end":{"line":62,"column":40}},{"start":{"line":62,"column":44},"end":{"line":62,"column":70}}],"line":62},"2":{"loc":{"start":{"line":83,"column":18},"end":{"line":83,"column":39}},"type":"binary-expr","locations":[{"start":{"line":83,"column":18},"end":{"line":83,"column":33}},{"start":{"line":83,"column":37},"end":{"line":83,"column":39}}],"line":83},"3":{"loc":{"start":{"line":84,"column":17},"end":{"line":84,"column":37}},"type":"binary-expr","locations":[{"start":{"line":84,"column":17},"end":{"line":84,"column":31}},{"start":{"line":84,"column":35},"end":{"line":84,"column":37}}],"line":84},"4":{"loc":{"start":{"line":85,"column":21},"end":{"line":85,"column":45}},"type":"binary-expr","locations":[{"start":{"line":85,"column":21},"end":{"line":85,"column":39}},{"start":{"line":85,"column":43},"end":{"line":85,"column":45}}],"line":85},"5":{"loc":{"start":{"line":86,"column":15},"end":{"line":86,"column":33}},"type":"binary-expr","locations":[{"start":{"line":86,"column":15},"end":{"line":86,"column":27}},{"start":{"line":86,"column":31},"end":{"line":86,"column":33}}],"line":86},"6":{"loc":{"start":{"line":87,"column":16},"end":{"line":87,"column":35}},"type":"binary-expr","locations":[{"start":{"line":87,"column":16},"end":{"line":87,"column":29}},{"start":{"line":87,"column":33},"end":{"line":87,"column":35}}],"line":87},"7":{"loc":{"start":{"line":88,"column":12},"end":{"line":88,"column":27}},"type":"binary-expr","locations":[{"start":{"line":88,"column":12},"end":{"line":88,"column":21}},{"start":{"line":88,"column":25},"end":{"line":88,"column":27}}],"line":88},"8":{"loc":{"start":{"line":89,"column":14},"end":{"line":89,"column":31}},"type":"binary-expr","locations":[{"start":{"line":89,"column":14},"end":{"line":89,"column":25}},{"start":{"line":89,"column":29},"end":{"line":89,"column":31}}],"line":89},"9":{"loc":{"start":{"line":90,"column":16},"end":{"line":90,"column":35}},"type":"binary-expr","locations":[{"start":{"line":90,"column":16},"end":{"line":90,"column":29}},{"start":{"line":90,"column":33},"end":{"line":90,"column":35}}],"line":90},"10":{"loc":{"start":{"line":91,"column":18},"end":{"line":91,"column":42}},"type":"binary-expr","locations":[{"start":{"line":91,"column":18},"end":{"line":91,"column":33}},{"start":{"line":91,"column":37},"end":{"line":91,"column":42}}],"line":91},"11":{"loc":{"start":{"line":108,"column":33},"end":{"line":108,"column":76}},"type":"binary-expr","locations":[{"start":{"line":108,"column":33},"end":{"line":108,"column":46}},{"start":{"line":108,"column":50},"end":{"line":108,"column":76}}],"line":108},"12":{"loc":{"start":{"line":117,"column":4},"end":{"line":120,"column":5}},"type":"if","locations":[{"start":{"line":117,"column":4},"end":{"line":120,"column":5}},{"start":{},"end":{}}],"line":117},"13":{"loc":{"start":{"line":117,"column":8},"end":{"line":117,"column":95}},"type":"binary-expr","locations":[{"start":{"line":117,"column":8},"end":{"line":117,"column":24}},{"start":{"line":117,"column":28},"end":{"line":117,"column":47}},{"start":{"line":117,"column":51},"end":{"line":117,"column":63}},{"start":{"line":117,"column":67},"end":{"line":117,"column":77}},{"start":{"line":117,"column":81},"end":{"line":117,"column":95}}],"line":117},"14":{"loc":{"start":{"line":122,"column":4},"end":{"line":126,"column":5}},"type":"if","locations":[{"start":{"line":122,"column":4},"end":{"line":126,"column":5}},{"start":{},"end":{}}],"line":122},"15":{"loc":{"start":{"line":130,"column":6},"end":{"line":140,"column":7}},"type":"if","locations":[{"start":{"line":130,"column":6},"end":{"line":140,"column":7}},{"start":{"line":137,"column":13},"end":{"line":140,"column":7}}],"line":130},"16":{"loc":{"start":{"line":144,"column":27},"end":{"line":144,"column":68}},"type":"binary-expr","locations":[{"start":{"line":144,"column":27},"end":{"line":144,"column":40}},{"start":{"line":144,"column":44},"end":{"line":144,"column":68}}],"line":144},"17":{"loc":{"start":{"line":155,"column":9},"end":{"line":155,"column":116}},"type":"binary-expr","locations":[{"start":{"line":155,"column":9},"end":{"line":155,"column":24}},{"start":{"line":155,"column":28},"end":{"line":155,"column":116}}],"line":155},"18":{"loc":{"start":{"line":185,"column":7},"end":{"line":200,"column":7}},"type":"cond-expr","locations":[{"start":{"line":186,"column":8},"end":{"line":186,"column":76}},{"start":{"line":188,"column":8},"end":{"line":199,"column":10}}],"line":185},"19":{"loc":{"start":{"line":214,"column":46},"end":{"line":214,"column":88}},"type":"cond-expr","locations":[{"start":{"line":214,"column":58},"end":{"line":214,"column":72}},{"start":{"line":214,"column":75},"end":{"line":214,"column":88}}],"line":214},"20":{"loc":{"start":{"line":221,"column":22},"end":{"line":221,"column":66}},"type":"cond-expr","locations":[{"start":{"line":221,"column":46},"end":{"line":221,"column":55}},{"start":{"line":221,"column":58},"end":{"line":221,"column":66}}],"line":221},"21":{"loc":{"start":{"line":262,"column":17},"end":{"line":262,"column":119}},"type":"cond-expr","locations":[{"start":{"line":262,"column":30},"end":{"line":262,"column":64}},{"start":{"line":262,"column":67},"end":{"line":262,"column":119}}],"line":262}},"s":{"0":0,"1":0,"2":0,"3":0,"4":0,"5":0,"6":0,"7":0,"8":0,"9":0,"10":0,"11":0,"12":0,"13":0,"14":0,"15":0,"16":0,"17":0,"18":0,"19":0,"20":0,"21":0,"22":0,"23":0,"24":0,"25":0,"26":0,"27":0,"28":0,"29":0,"30":0,"31":0,"32":0,"33":0,"34":0,"35":0,"36":0,"37":0,"38":0,"39":0,"40":0,"41":0,"42":0,"43":0,"44":0,"45":0,"46":0,"47":0,"48":0,"49":0,"50":0,"51":0,"52":0,"53":0,"54":0,"55":0,"56":0,"57":0,"58":0,"59":0,"60":0,"61":0,"62":0,"63":0,"64":0},"f":{"0":0,"1":0,"2":0,"3":0,"4":0,"5":0,"6":0,"7":0,"8":0,"9":0,"10":0,"11":0,"12":0,"13":0,"14":0,"15":0,"16":0,"17":0,"18":0,"19":0,"20":0,"21":0,"22":0,"23":0},"b":{"0":[0,0],"1":[0,0],"2":[0,0],"3":[0,0],"4":[0,0],"5":[0,0],"6":[0,0],"7":[0,0],"8":[0,0],"9":[0,0],"10":[0,0],"11":[0,0],"12":[0,0],"13":[0,0,0,0,0],"14":[0,0],"15":[0,0],"16":[0,0],"17":[0,0],"18":[0,0],"19":[0,0],"20":[0,0],"21":[0,0]}}
,"C:\\H\\cerami-craft\\app\\checkout.tsx": {"path":"C:\\H\\cerami-craft\\app\\checkout.tsx","statementMap":{"0":{"start":{"line":34,"column":17},"end":{"line":34,"column":28}},"1":{"start":{"line":39,"column":6},"end":{"line":39,"column":19}},"2":{"start":{"line":42,"column":69},"end":{"line":42,"column":88}},"3":{"start":{"line":45,"column":26},"end":{"line":55,"column":4}},"4":{"start":{"line":58,"column":32},"end":{"line":58,"column":47}},"5":{"start":{"line":59,"column":36},"end":{"line":59,"column":63}},"6":{"start":{"line":60,"column":50},"end":{"line":60,"column":65}},"7":{"start":{"line":61,"column":36},"end":{"line":61,"column":51}},"8":{"start":{"line":62,"column":38},"end":{"line":62,"column":50}},"9":{"start":{"line":65,"column":2},"end":{"line":73,"column":9}},"10":{"start":{"line":66,"column":4},"end":{"line":71,"column":5}},"11":{"start":{"line":67,"column":6},"end":{"line":69,"column":9}},"12":{"start":{"line":68,"column":39},"end":{"line":68,"column":52}},"13":{"start":{"line":70,"column":6},"end":{"line":70,"column":13}},"14":{"start":{"line":72,"column":4},"end":{"line":72,"column":22}},"15":{"start":{"line":75,"column":26},"end":{"line":101,"column":3}},"16":{"start":{"line":76,"column":4},"end":{"line":76,"column":21}},"17":{"start":{"line":77,"column":4},"end":{"line":100,"column":5}},"18":{"start":{"line":79,"column":22},"end":{"line":79,"column":44}},"19":{"start":{"line":80,"column":6},"end":{"line":87,"column":7}},"20":{"start":{"line":81,"column":22},"end":{"line":81,"column":65}},"21":{"start":{"line":82,"column":8},"end":{"line":86,"column":12}},"22":{"start":{"line":82,"column":25},"end":{"line":86,"column":9}},"23":{"start":{"line":90,"column":23},"end":{"line":90,"column":47}},"24":{"start":{"line":91,"column":6},"end":{"line":91,"column":35}},"25":{"start":{"line":94,"column":26},"end":{"line":94,"column":59}},"26":{"start":{"line":94,"column":46},"end":{"line":94,"column":58}},"27":{"start":{"line":95,"column":6},"end":{"line":97,"column":7}},"28":{"start":{"line":96,"column":8},"end":{"line":96,"column":33}},"29":{"start":{"line":99,"column":6},"end":{"line":99,"column":50}},"30":{"start":{"line":104,"column":22},"end":{"line":117,"column":3}},"31":{"start":{"line":105,"column":4},"end":{"line":115,"column":8}},"32":{"start":{"line":105,"column":21},"end":{"line":115,"column":5}},"33":{"start":{"line":116,"column":4},"end":{"line":116,"column":31}},"34":{"start":{"line":120,"column":22},"end":{"line":129,"column":3}},"35":{"start":{"line":121,"column":4},"end":{"line":128,"column":56}},"36":{"start":{"line":122,"column":6},"end":{"line":122,"column":60}},"37":{"start":{"line":122,"column":20},"end":{"line":122,"column":60}},"38":{"start":{"line":123,"column":6},"end":{"line":126,"column":7}},"39":{"start":{"line":124,"column":20},"end":{"line":124,"column":39}},"40":{"start":{"line":125,"column":8},"end":{"line":125,"column":95}},"41":{"start":{"line":127,"column":6},"end":{"line":127,"column":42}},"42":{"start":{"line":128,"column":14},"end":{"line":128,"column":54}},"43":{"start":{"line":132,"column":27},"end":{"line":227,"column":3}},"44":{"start":{"line":134,"column":4},"end":{"line":137,"column":5}},"45":{"start":{"line":135,"column":6},"end":{"line":135,"column":76}},"46":{"start":{"line":136,"column":6},"end":{"line":136,"column":13}},"47":{"start":{"line":139,"column":33},"end":{"line":139,"column":81}},"48":{"start":{"line":142,"column":4},"end":{"line":145,"column":5}},"49":{"start":{"line":143,"column":6},"end":{"line":143,"column":83}},"50":{"start":{"line":144,"column":6},"end":{"line":144,"column":13}},"51":{"start":{"line":147,"column":4},"end":{"line":153,"column":5}},"52":{"start":{"line":148,"column":6},"end":{"line":151,"column":8}},"53":{"start":{"line":152,"column":6},"end":{"line":152,"column":13}},"54":{"start":{"line":156,"column":4},"end":{"line":183,"column":5}},"55":{"start":{"line":158,"column":26},"end":{"line":158,"column":70}},"56":{"start":{"line":159,"column":25},"end":{"line":159,"column":90}},"57":{"start":{"line":161,"column":6},"end":{"line":178,"column":7}},"58":{"start":{"line":163,"column":27},"end":{"line":167,"column":10}},"59":{"start":{"line":169,"column":8},"end":{"line":173,"column":9}},"60":{"start":{"line":171,"column":10},"end":{"line":171,"column":43}},"61":{"start":{"line":172,"column":10},"end":{"line":172,"column":17}},"62":{"start":{"line":177,"column":8},"end":{"line":177,"column":53}},"63":{"start":{"line":180,"column":6},"end":{"line":180,"column":47}},"64":{"start":{"line":181,"column":6},"end":{"line":181,"column":76}},"65":{"start":{"line":182,"column":6},"end":{"line":182,"column":13}},"66":{"start":{"line":185,"column":4},"end":{"line":185,"column":21}},"67":{"start":{"line":186,"column":4},"end":{"line":226,"column":5}},"68":{"start":{"line":188,"column":47},"end":{"line":202,"column":7}},"69":{"start":{"line":189,"column":52},"end":{"line":194,"column":9}},"70":{"start":{"line":205,"column":22},"end":{"line":205,"column":53}},"71":{"start":{"line":208,"column":6},"end":{"line":212,"column":7}},"72":{"start":{"line":209,"column":8},"end":{"line":209,"column":78}},"73":{"start":{"line":209,"column":52},"end":{"line":209,"column":75}},"74":{"start":{"line":211,"column":8},"end":{"line":211,"column":52}},"75":{"start":{"line":215,"column":6},"end":{"line":215,"column":26}},"76":{"start":{"line":218,"column":6},"end":{"line":220,"column":9}},"77":{"start":{"line":219,"column":37},"end":{"line":219,"column":56}},"78":{"start":{"line":223,"column":6},"end":{"line":223,"column":64}},"79":{"start":{"line":225,"column":6},"end":{"line":225,"column":24}},"80":{"start":{"line":229,"column":2},"end":{"line":355,"column":4}},"81":{"start":{"line":233,"column":41},"end":{"line":233,"column":54}},"82":{"start":{"line":247,"column":47},"end":{"line":247,"column":72}},"83":{"start":{"line":254,"column":137},"end":{"line":254,"column":168}},"84":{"start":{"line":255,"column":119},"end":{"line":255,"column":149}},"85":{"start":{"line":257,"column":109},"end":{"line":257,"column":138}},"86":{"start":{"line":259,"column":126},"end":{"line":259,"column":152}},"87":{"start":{"line":260,"column":112},"end":{"line":260,"column":139}},"88":{"start":{"line":263,"column":133},"end":{"line":263,"column":162}},"89":{"start":{"line":264,"column":116},"end":{"line":264,"column":145}},"90":{"start":{"line":266,"column":98},"end":{"line":266,"column":125}},"91":{"start":{"line":267,"column":124},"end":{"line":267,"column":156}},"92":{"start":{"line":280,"column":69},"end":{"line":280,"column":87}},"93":{"start":{"line":291,"column":12},"end":{"line":298,"column":19}},"94":{"start":{"line":319,"column":43},"end":{"line":319,"column":69}},"95":{"start":{"line":323,"column":14},"end":{"line":327,"column":33}},"96":{"start":{"line":323,"column":83},"end":{"line":323,"column":100}},"97":{"start":{"line":340,"column":72},"end":{"line":340,"column":91}},"98":{"start":{"line":344,"column":18},"end":{"line":344,"column":108}},"99":{"start":{"line":344,"column":24},"end":{"line":344,"column":55}},"100":{"start":{"line":344,"column":56},"end":{"line":344,"column":76}},"101":{"start":{"line":344,"column":77},"end":{"line":344,"column":95}},"102":{"start":{"line":358,"column":15},"end":{"line":387,"column":2}}},"fnMap":{"0":{"name":"CheckoutScreen","decl":{"start":{"line":33,"column":24},"end":{"line":33,"column":38}},"loc":{"start":{"line":33,"column":41},"end":{"line":356,"column":1}},"line":33},"1":{"name":"(anonymous_1)","decl":{"start":{"line":65,"column":12},"end":{"line":65,"column":13}},"loc":{"start":{"line":65,"column":18},"end":{"line":73,"column":3}},"line":65},"2":{"name":"(anonymous_2)","decl":{"start":{"line":68,"column":33},"end":{"line":68,"column":34}},"loc":{"start":{"line":68,"column":39},"end":{"line":68,"column":52}},"line":68},"3":{"name":"(anonymous_3)","decl":{"start":{"line":75,"column":26},"end":{"line":75,"column":27}},"loc":{"start":{"line":75,"column":38},"end":{"line":101,"column":3}},"line":75},"4":{"name":"(anonymous_4)","decl":{"start":{"line":82,"column":16},"end":{"line":82,"column":17}},"loc":{"start":{"line":82,"column":25},"end":{"line":86,"column":9}},"line":82},"5":{"name":"(anonymous_5)","decl":{"start":{"line":94,"column":41},"end":{"line":94,"column":42}},"loc":{"start":{"line":94,"column":46},"end":{"line":94,"column":58}},"line":94},"6":{"name":"(anonymous_6)","decl":{"start":{"line":104,"column":22},"end":{"line":104,"column":23}},"loc":{"start":{"line":104,"column":45},"end":{"line":117,"column":3}},"line":104},"7":{"name":"(anonymous_7)","decl":{"start":{"line":105,"column":12},"end":{"line":105,"column":13}},"loc":{"start":{"line":105,"column":21},"end":{"line":115,"column":5}},"line":105},"8":{"name":"(anonymous_8)","decl":{"start":{"line":120,"column":22},"end":{"line":120,"column":23}},"loc":{"start":{"line":120,"column":43},"end":{"line":129,"column":3}},"line":120},"9":{"name":"(anonymous_9)","decl":{"start":{"line":132,"column":27},"end":{"line":132,"column":28}},"loc":{"start":{"line":132,"column":39},"end":{"line":227,"column":3}},"line":132},"10":{"name":"(anonymous_10)","decl":{"start":{"line":189,"column":43},"end":{"line":189,"column":44}},"loc":{"start":{"line":189,"column":52},"end":{"line":194,"column":9}},"line":189},"11":{"name":"(anonymous_11)","decl":{"start":{"line":209,"column":44},"end":{"line":209,"column":45}},"loc":{"start":{"line":209,"column":52},"end":{"line":209,"column":75}},"line":209},"12":{"name":"(anonymous_12)","decl":{"start":{"line":219,"column":31},"end":{"line":219,"column":32}},"loc":{"start":{"line":219,"column":37},"end":{"line":219,"column":56}},"line":219},"13":{"name":"(anonymous_13)","decl":{"start":{"line":233,"column":35},"end":{"line":233,"column":36}},"loc":{"start":{"line":233,"column":41},"end":{"line":233,"column":54}},"line":233},"14":{"name":"(anonymous_14)","decl":{"start":{"line":247,"column":41},"end":{"line":247,"column":42}},"loc":{"start":{"line":247,"column":47},"end":{"line":247,"column":72}},"line":247},"15":{"name":"(anonymous_15)","decl":{"start":{"line":254,"column":134},"end":{"line":254,"column":135}},"loc":{"start":{"line":254,"column":137},"end":{"line":254,"column":168}},"line":254},"16":{"name":"(anonymous_16)","decl":{"start":{"line":255,"column":116},"end":{"line":255,"column":117}},"loc":{"start":{"line":255,"column":119},"end":{"line":255,"column":149}},"line":255},"17":{"name":"(anonymous_17)","decl":{"start":{"line":257,"column":106},"end":{"line":257,"column":107}},"loc":{"start":{"line":257,"column":109},"end":{"line":257,"column":138}},"line":257},"18":{"name":"(anonymous_18)","decl":{"start":{"line":259,"column":123},"end":{"line":259,"column":124}},"loc":{"start":{"line":259,"column":126},"end":{"line":259,"column":152}},"line":259},"19":{"name":"(anonymous_19)","decl":{"start":{"line":260,"column":109},"end":{"line":260,"column":110}},"loc":{"start":{"line":260,"column":112},"end":{"line":260,"column":139}},"line":260},"20":{"name":"(anonymous_20)","decl":{"start":{"line":263,"column":130},"end":{"line":263,"column":131}},"loc":{"start":{"line":263,"column":133},"end":{"line":263,"column":162}},"line":263},"21":{"name":"(anonymous_21)","decl":{"start":{"line":264,"column":113},"end":{"line":264,"column":114}},"loc":{"start":{"line":264,"column":116},"end":{"line":264,"column":145}},"line":264},"22":{"name":"(anonymous_22)","decl":{"start":{"line":266,"column":95},"end":{"line":266,"column":96}},"loc":{"start":{"line":266,"column":98},"end":{"line":266,"column":125}},"line":266},"23":{"name":"(anonymous_23)","decl":{"start":{"line":267,"column":121},"end":{"line":267,"column":122}},"loc":{"start":{"line":267,"column":124},"end":{"line":267,"column":156}},"line":267},"24":{"name":"(anonymous_24)","decl":{"start":{"line":280,"column":63},"end":{"line":280,"column":64}},"loc":{"start":{"line":280,"column":69},"end":{"line":280,"column":87}},"line":280},"25":{"name":"(anonymous_25)","decl":{"start":{"line":290,"column":29},"end":{"line":290,"column":30}},"loc":{"start":{"line":291,"column":12},"end":{"line":298,"column":19}},"line":291},"26":{"name":"(anonymous_26)","decl":{"start":{"line":319,"column":39},"end":{"line":319,"column":40}},"loc":{"start":{"line":319,"column":43},"end":{"line":319,"column":69}},"line":319},"27":{"name":"(anonymous_27)","decl":{"start":{"line":322,"column":27},"end":{"line":322,"column":28}},"loc":{"start":{"line":323,"column":14},"end":{"line":327,"column":33}},"line":323},"28":{"name":"(anonymous_28)","decl":{"start":{"line":323,"column":79},"end":{"line":323,"column":80}},"loc":{"start":{"line":323,"column":83},"end":{"line":323,"column":100}},"line":323},"29":{"name":"(anonymous_29)","decl":{"start":{"line":340,"column":68},"end":{"line":340,"column":69}},"loc":{"start":{"line":340,"column":72},"end":{"line":340,"column":91}},"line":340},"30":{"name":"(anonymous_30)","decl":{"start":{"line":343,"column":25},"end":{"line":343,"column":26}},"loc":{"start":{"line":343,"column":34},"end":{"line":345,"column":17}},"line":343}},"branchMap":{"0":{"loc":{"start":{"line":66,"column":4},"end":{"line":71,"column":5}},"type":"if","locations":[{"start":{"line":66,"column":4},"end":{"line":71,"column":5}},{"start":{},"end":{}}],"line":66},"1":{"loc":{"start":{"line":80,"column":6},"end":{"line":87,"column":7}},"type":"if","locations":[{"start":{"line":80,"column":6},"end":{"line":87,"column":7}},{"start":{},"end":{}}],"line":80},"2":{"loc":{"start":{"line":81,"column":22},"end":{"line":81,"column":65}},"type":"cond-expr","locations":[{"start":{"line":81,"column":37},"end":{"line":81,"column":60}},{"start":{"line":81,"column":63},"end":{"line":81,"column":65}}],"line":81},"3":{"loc":{"start":{"line":84,"column":21},"end":{"line":84,"column":53}},"type":"binary-expr","locations":[{"start":{"line":84,"column":21},"end":{"line":84,"column":35}},{"start":{"line":84,"column":39},"end":{"line":84,"column":47}},{"start":{"line":84,"column":51},"end":{"line":84,"column":53}}],"line":84},"4":{"loc":{"start":{"line":85,"column":20},"end":{"line":85,"column":67}},"type":"binary-expr","locations":[{"start":{"line":85,"column":20},"end":{"line":85,"column":33}},{"start":{"line":85,"column":37},"end":{"line":85,"column":61}},{"start":{"line":85,"column":65},"end":{"line":85,"column":67}}],"line":85},"5":{"loc":{"start":{"line":91,"column":19},"end":{"line":91,"column":33}},"type":"binary-expr","locations":[{"start":{"line":91,"column":19},"end":{"line":91,"column":27}},{"start":{"line":91,"column":31},"end":{"line":91,"column":33}}],"line":91},"6":{"loc":{"start":{"line":95,"column":6},"end":{"line":97,"column":7}},"type":"if","locations":[{"start":{"line":95,"column":6},"end":{"line":97,"column":7}},{"start":{},"end":{}}],"line":95},"7":{"loc":{"start":{"line":107,"column":17},"end":{"line":107,"column":50}},"type":"binary-expr","locations":[{"start":{"line":107,"column":17},"end":{"line":107,"column":32}},{"start":{"line":107,"column":36},"end":{"line":107,"column":50}}],"line":107},"8":{"loc":{"start":{"line":108,"column":16},"end":{"line":108,"column":47}},"type":"binary-expr","locations":[{"start":{"line":108,"column":16},"end":{"line":108,"column":30}},{"start":{"line":108,"column":34},"end":{"line":108,"column":47}}],"line":108},"9":{"loc":{"start":{"line":122,"column":6},"end":{"line":122,"column":60}},"type":"if","locations":[{"start":{"line":122,"column":6},"end":{"line":122,"column":60}},{"start":{},"end":{}}],"line":122},"10":{"loc":{"start":{"line":123,"column":6},"end":{"line":126,"column":7}},"type":"if","locations":[{"start":{"line":123,"column":6},"end":{"line":126,"column":7}},{"start":{},"end":{}}],"line":123},"11":{"loc":{"start":{"line":125,"column":15},"end":{"line":125,"column":94}},"type":"cond-expr","locations":[{"start":{"line":125,"column":32},"end":{"line":125,"column":59}},{"start":{"line":125,"column":62},"end":{"line":125,"column":94}}],"line":125},"12":{"loc":{"start":{"line":134,"column":4},"end":{"line":137,"column":5}},"type":"if","locations":[{"start":{"line":134,"column":4},"end":{"line":137,"column":5}},{"start":{},"end":{}}],"line":134},"13":{"loc":{"start":{"line":134,"column":8},"end":{"line":134,"column":55}},"type":"binary-expr","locations":[{"start":{"line":134,"column":8},"end":{"line":134,"column":21}},{"start":{"line":134,"column":25},"end":{"line":134,"column":36}},{"start":{"line":134,"column":40},"end":{"line":134,"column":55}}],"line":134},"14":{"loc":{"start":{"line":139,"column":33},"end":{"line":139,"column":81}},"type":"cond-expr","locations":[{"start":{"line":139,"column":52},"end":{"line":139,"column":68}},{"start":{"line":139,"column":71},"end":{"line":139,"column":81}}],"line":139},"15":{"loc":{"start":{"line":142,"column":4},"end":{"line":145,"column":5}},"type":"if","locations":[{"start":{"line":142,"column":4},"end":{"line":145,"column":5}},{"start":{},"end":{}}],"line":142},"16":{"loc":{"start":{"line":147,"column":4},"end":{"line":153,"column":5}},"type":"if","locations":[{"start":{"line":147,"column":4},"end":{"line":153,"column":5}},{"start":{},"end":{}}],"line":147},"17":{"loc":{"start":{"line":159,"column":25},"end":{"line":159,"column":90}},"type":"cond-expr","locations":[{"start":{"line":159,"column":39},"end":{"line":159,"column":82}},{"start":{"line":159,"column":85},"end":{"line":159,"column":90}}],"line":159},"18":{"loc":{"start":{"line":161,"column":6},"end":{"line":178,"column":7}},"type":"if","locations":[{"start":{"line":161,"column":6},"end":{"line":178,"column":7}},{"start":{"line":174,"column":13},"end":{"line":178,"column":7}}],"line":161},"19":{"loc":{"start":{"line":161,"column":10},"end":{"line":161,"column":35}},"type":"binary-expr","locations":[{"start":{"line":161,"column":10},"end":{"line":161,"column":21}},{"start":{"line":161,"column":25},"end":{"line":161,"column":35}}],"line":161},"20":{"loc":{"start":{"line":169,"column":8},"end":{"line":173,"column":9}},"type":"if","locations":[{"start":{"line":169,"column":8},"end":{"line":173,"column":9}},{"start":{},"end":{}}],"line":169},"21":{"loc":{"start":{"line":200,"column":27},"end":{"line":200,"column":54}},"type":"binary-expr","locations":[{"start":{"line":200,"column":27},"end":{"line":200,"column":49}},{"start":{"line":200,"column":53},"end":{"line":200,"column":54}}],"line":200},"22":{"loc":{"start":{"line":223,"column":34},"end":{"line":223,"column":62}},"type":"binary-expr","locations":[{"start":{"line":223,"column":34},"end":{"line":223,"column":43}},{"start":{"line":223,"column":47},"end":{"line":223,"column":62}}],"line":223},"23":{"loc":{"start":{"line":246,"column":13},"end":{"line":250,"column":13}},"type":"binary-expr","locations":[{"start":{"line":246,"column":13},"end":{"line":246,"column":33}},{"start":{"line":247,"column":14},"end":{"line":249,"column":33}}],"line":246},"24":{"loc":{"start":{"line":277,"column":17},"end":{"line":277,"column":80}},"type":"cond-expr","locations":[{"start":{"line":277,"column":30},"end":{"line":277,"column":65}},{"start":{"line":277,"column":68},"end":{"line":277,"column":80}}],"line":277},"25":{"loc":{"start":{"line":310,"column":11},"end":{"line":310,"column":123}},"type":"cond-expr","locations":[{"start":{"line":310,"column":21},"end":{"line":310,"column":54}},{"start":{"line":310,"column":57},"end":{"line":310,"column":123}}],"line":310},"26":{"loc":{"start":{"line":335,"column":40},"end":{"line":335,"column":78}},"type":"cond-expr","locations":[{"start":{"line":335,"column":60},"end":{"line":335,"column":69}},{"start":{"line":335,"column":70},"end":{"line":335,"column":78}}],"line":335},"27":{"loc":{"start":{"line":348,"column":17},"end":{"line":348,"column":111}},"type":"cond-expr","locations":[{"start":{"line":348,"column":32},"end":{"line":348,"column":65}},{"start":{"line":348,"column":68},"end":{"line":348,"column":111}}],"line":348}},"s":{"0":0,"1":0,"2":0,"3":0,"4":0,"5":0,"6":0,"7":0,"8":0,"9":0,"10":0,"11":0,"12":0,"13":0,"14":0,"15":0,"16":0,"17":0,"18":0,"19":0,"20":0,"21":0,"22":0,"23":0,"24":0,"25":0,"26":0,"27":0,"28":0,"29":0,"30":0,"31":0,"32":0,"33":0,"34":0,"35":0,"36":0,"37":0,"38":0,"39":0,"40":0,"41":0,"42":0,"43":0,"44":0,"45":0,"46":0,"47":0,"48":0,"49":0,"50":0,"51":0,"52":0,"53":0,"54":0,"55":0,"56":0,"57":0,"58":0,"59":0,"60":0,"61":0,"62":0,"63":0,"64":0,"65":0,"66":0,"67":0,"68":0,"69":0,"70":0,"71":0,"72":0,"73":0,"74":0,"75":0,"76":0,"77":0,"78":0,"79":0,"80":0,"81":0,"82":0,"83":0,"84":0,"85":0,"86":0,"87":0,"88":0,"89":0,"90":0,"91":0,"92":0,"93":0,"94":0,"95":0,"96":0,"97":0,"98":0,"99":0,"100":0,"101":0,"102":0},"f":{"0":0,"1":0,"2":0,"3":0,"4":0,"5":0,"6":0,"7":0,"8":0,"9":0,"10":0,"11":0,"12":0,"13":0,"14":0,"15":0,"16":0,"17":0,"18":0,"19":0,"20":0,"21":0,"22":0,"23":0,"24":0,"25":0,"26":0,"27":0,"28":0,"29":0,"30":0},"b":{"0":[0,0],"1":[0,0],"2":[0,0],"3":[0,0,0],"4":[0,0,0],"5":[0,0],"6":[0,0],"7":[0,0],"8":[0,0],"9":[0,0],"10":[0,0],"11":[0,0],"12":[0,0],"13":[0,0,0],"14":[0,0],"15":[0,0],"16":[0,0],"17":[0,0],"18":[0,0],"19":[0,0],"20":[0,0],"21":[0,0],"22":[0,0],"23":[0,0],"24":[0,0],"25":[0,0],"26":[0,0],"27":[0,0]}}
,"C:\\H\\cerami-craft\\app\\login.tsx": {"path":"C:\\H\\cerami-craft\\app\\login.tsx","statementMap":{"0":{"start":{"line":16,"column":0},"end":{"line":16,"column":38}},"1":{"start":{"line":19,"column":26},"end":{"line":19,"column":60}},"2":{"start":{"line":20,"column":17},"end":{"line":20,"column":28}},"3":{"start":{"line":21,"column":19},"end":{"line":21,"column":53}},"4":{"start":{"line":21,"column":38},"end":{"line":21,"column":52}},"5":{"start":{"line":24,"column":20},"end":{"line":24,"column":40}},"6":{"start":{"line":27,"column":20},"end":{"line":27,"column":79}},"7":{"start":{"line":30,"column":22},"end":{"line":33,"column":4}},"8":{"start":{"line":34,"column":2},"end":{"line":34,"column":58}},"9":{"start":{"line":37,"column":43},"end":{"line":44,"column":3}},"10":{"start":{"line":47,"column":2},"end":{"line":108,"column":37}},"11":{"start":{"line":48,"column":27},"end":{"line":103,"column":5}},"12":{"start":{"line":49,"column":6},"end":{"line":102,"column":7}},"13":{"start":{"line":50,"column":25},"end":{"line":50,"column":40}},"14":{"start":{"line":52,"column":8},"end":{"line":99,"column":9}},"15":{"start":{"line":54,"column":30},"end":{"line":62,"column":11}},"16":{"start":{"line":64,"column":10},"end":{"line":64,"column":49}},"17":{"start":{"line":67,"column":10},"end":{"line":67,"column":60}},"18":{"start":{"line":68,"column":10},"end":{"line":68,"column":47}},"19":{"start":{"line":71,"column":33},"end":{"line":71,"column":56}},"20":{"start":{"line":73,"column":10},"end":{"line":87,"column":11}},"21":{"start":{"line":74,"column":12},"end":{"line":74,"column":68}},"22":{"start":{"line":75,"column":36},"end":{"line":81,"column":13}},"23":{"start":{"line":83,"column":12},"end":{"line":83,"column":59}},"24":{"start":{"line":84,"column":12},"end":{"line":84,"column":45}},"25":{"start":{"line":86,"column":13},"end":{"line":86,"column":82}},"26":{"start":{"line":90,"column":10},"end":{"line":90,"column":52}},"27":{"start":{"line":91,"column":10},"end":{"line":91,"column":25}},"28":{"start":{"line":94,"column":10},"end":{"line":94,"column":44}},"29":{"start":{"line":97,"column":10},"end":{"line":97,"column":61}},"30":{"start":{"line":98,"column":10},"end":{"line":98,"column":60}},"31":{"start":{"line":100,"column":13},"end":{"line":102,"column":7}},"32":{"start":{"line":101,"column":8},"end":{"line":101,"column":61}},"33":{"start":{"line":105,"column":4},"end":{"line":107,"column":5}},"34":{"start":{"line":106,"column":6},"end":{"line":106,"column":23}},"35":{"start":{"line":110,"column":23},"end":{"line":149,"column":3}},"36":{"start":{"line":111,"column":4},"end":{"line":148,"column":7}},"37":{"start":{"line":117,"column":10},"end":{"line":145,"column":11}},"38":{"start":{"line":119,"column":29},"end":{"line":122,"column":14}},"39":{"start":{"line":125,"column":29},"end":{"line":125,"column":49}},"40":{"start":{"line":126,"column":34},"end":{"line":126,"column":75}},"41":{"start":{"line":129,"column":30},"end":{"line":129,"column":147}},"42":{"start":{"line":132,"column":27},"end":{"line":132,"column":85}},"43":{"start":{"line":133,"column":12},"end":{"line":133,"column":53}},"44":{"start":{"line":136,"column":12},"end":{"line":136,"column":40}},"45":{"start":{"line":137,"column":12},"end":{"line":137,"column":26}},"46":{"start":{"line":143,"column":12},"end":{"line":143,"column":56}},"47":{"start":{"line":144,"column":12},"end":{"line":144,"column":64}},"48":{"start":{"line":151,"column":2},"end":{"line":188,"column":4}},"49":{"start":{"line":155,"column":10},"end":{"line":159,"column":11}},"50":{"start":{"line":156,"column":12},"end":{"line":156,"column":26}},"51":{"start":{"line":158,"column":12},"end":{"line":158,"column":32}},"52":{"start":{"line":175,"column":25},"end":{"line":175,"column":38}},"53":{"start":{"line":191,"column":15},"end":{"line":200,"column":2}}},"fnMap":{"0":{"name":"LoginScreen","decl":{"start":{"line":18,"column":24},"end":{"line":18,"column":35}},"loc":{"start":{"line":18,"column":38},"end":{"line":189,"column":1}},"line":18},"1":{"name":"(anonymous_1)","decl":{"start":{"line":21,"column":27},"end":{"line":21,"column":28}},"loc":{"start":{"line":21,"column":38},"end":{"line":21,"column":52}},"line":21},"2":{"name":"(anonymous_2)","decl":{"start":{"line":47,"column":12},"end":{"line":47,"column":13}},"loc":{"start":{"line":47,"column":18},"end":{"line":108,"column":3}},"line":47},"3":{"name":"(anonymous_3)","decl":{"start":{"line":48,"column":27},"end":{"line":48,"column":28}},"loc":{"start":{"line":48,"column":39},"end":{"line":103,"column":5}},"line":48},"4":{"name":"(anonymous_4)","decl":{"start":{"line":110,"column":23},"end":{"line":110,"column":24}},"loc":{"start":{"line":110,"column":35},"end":{"line":149,"column":3}},"line":110},"5":{"name":"(anonymous_5)","decl":{"start":{"line":116,"column":17},"end":{"line":116,"column":18}},"loc":{"start":{"line":116,"column":29},"end":{"line":146,"column":9}},"line":116},"6":{"name":"(anonymous_6)","decl":{"start":{"line":154,"column":35},"end":{"line":154,"column":36}},"loc":{"start":{"line":154,"column":41},"end":{"line":160,"column":9}},"line":154},"7":{"name":"(anonymous_7)","decl":{"start":{"line":175,"column":19},"end":{"line":175,"column":20}},"loc":{"start":{"line":175,"column":25},"end":{"line":175,"column":38}},"line":175}},"branchMap":{"0":{"loc":{"start":{"line":49,"column":6},"end":{"line":102,"column":7}},"type":"if","locations":[{"start":{"line":49,"column":6},"end":{"line":102,"column":7}},{"start":{"line":100,"column":13},"end":{"line":102,"column":7}}],"line":49},"1":{"loc":{"start":{"line":59,"column":44},"end":{"line":59,"column":71}},"type":"binary-expr","locations":[{"start":{"line":59,"column":44},"end":{"line":59,"column":65}},{"start":{"line":59,"column":69},"end":{"line":59,"column":71}}],"line":59},"2":{"loc":{"start":{"line":73,"column":10},"end":{"line":87,"column":11}},"type":"if","locations":[{"start":{"line":73,"column":10},"end":{"line":87,"column":11}},{"start":{"line":85,"column":17},"end":{"line":87,"column":11}}],"line":73},"3":{"loc":{"start":{"line":100,"column":13},"end":{"line":102,"column":7}},"type":"if","locations":[{"start":{"line":100,"column":13},"end":{"line":102,"column":7}},{"start":{},"end":{}}],"line":100},"4":{"loc":{"start":{"line":105,"column":4},"end":{"line":107,"column":5}},"type":"if","locations":[{"start":{"line":105,"column":4},"end":{"line":107,"column":5}},{"start":{},"end":{}}],"line":105},"5":{"loc":{"start":{"line":105,"column":8},"end":{"line":105,"column":40}},"type":"binary-expr","locations":[{"start":{"line":105,"column":8},"end":{"line":105,"column":16}},{"start":{"line":105,"column":20},"end":{"line":105,"column":29}},{"start":{"line":105,"column":33},"end":{"line":105,"column":40}}],"line":105},"6":{"loc":{"start":{"line":155,"column":10},"end":{"line":159,"column":11}},"type":"if","locations":[{"start":{"line":155,"column":10},"end":{"line":159,"column":11}},{"start":{"line":157,"column":17},"end":{"line":159,"column":11}}],"line":155},"7":{"loc":{"start":{"line":177,"column":11},"end":{"line":181,"column":11}},"type":"cond-expr","locations":[{"start":{"line":178,"column":12},"end":{"line":178,"column":46}},{"start":{"line":180,"column":12},"end":{"line":180,"column":74}}],"line":177}},"s":{"0":0,"1":0,"2":0,"3":0,"4":0,"5":0,"6":0,"7":0,"8":0,"9":0,"10":0,"11":0,"12":0,"13":0,"14":0,"15":0,"16":0,"17":0,"18":0,"19":0,"20":0,"21":0,"22":0,"23":0,"24":0,"25":0,"26":0,"27":0,"28":0,"29":0,"30":0,"31":0,"32":0,"33":0,"34":0,"35":0,"36":0,"37":0,"38":0,"39":0,"40":0,"41":0,"42":0,"43":0,"44":0,"45":0,"46":0,"47":0,"48":0,"49":0,"50":0,"51":0,"52":0,"53":0},"f":{"0":0,"1":0,"2":0,"3":0,"4":0,"5":0,"6":0,"7":0},"b":{"0":[0,0],"1":[0,0],"2":[0,0],"3":[0,0],"4":[0,0],"5":[0,0,0],"6":[0,0],"7":[0,0]}}
,"C:\\H\\cerami-craft\\app\\modal.tsx": {"path":"C:\\H\\cerami-craft\\app\\modal.tsx","statementMap":{"0":{"start":{"line":8,"column":2},"end":{"line":15,"column":4}},"1":{"start":{"line":18,"column":15},"end":{"line":29,"column":2}}},"fnMap":{"0":{"name":"ModalScreen","decl":{"start":{"line":7,"column":24},"end":{"line":7,"column":35}},"loc":{"start":{"line":7,"column":38},"end":{"line":16,"column":1}},"line":7}},"branchMap":{},"s":{"0":0,"1":0},"f":{"0":0},"b":{}}
,"C:\\H\\cerami-craft\\app\\notifications.tsx": {"path":"C:\\H\\cerami-craft\\app\\notifications.tsx","statementMap":{"0":{"start":{"line":25,"column":34},"end":{"line":25,"column":60}},"1":{"start":{"line":26,"column":32},"end":{"line":26,"column":46}},"2":{"start":{"line":27,"column":38},"end":{"line":27,"column":53}},"3":{"start":{"line":30,"column":24},"end":{"line":63,"column":3}},"4":{"start":{"line":31,"column":4},"end":{"line":62,"column":5}},"5":{"start":{"line":32,"column":20},"end":{"line":32,"column":44}},"6":{"start":{"line":33,"column":6},"end":{"line":33,"column":25}},"7":{"start":{"line":33,"column":18},"end":{"line":33,"column":25}},"8":{"start":{"line":39,"column":37},"end":{"line":54,"column":7}},"9":{"start":{"line":56,"column":6},"end":{"line":56,"column":28}},"10":{"start":{"line":58,"column":6},"end":{"line":58,"column":35}},"11":{"start":{"line":60,"column":6},"end":{"line":60,"column":24}},"12":{"start":{"line":61,"column":6},"end":{"line":61,"column":27}},"13":{"start":{"line":65,"column":2},"end":{"line":67,"column":9}},"14":{"start":{"line":66,"column":4},"end":{"line":66,"column":20}},"15":{"start":{"line":69,"column":20},"end":{"line":72,"column":3}},"16":{"start":{"line":70,"column":4},"end":{"line":70,"column":24}},"17":{"start":{"line":71,"column":4},"end":{"line":71,"column":20}},"18":{"start":{"line":75,"column":25},"end":{"line":79,"column":3}},"19":{"start":{"line":76,"column":4},"end":{"line":76,"column":37}},"20":{"start":{"line":76,"column":21},"end":{"line":76,"column":37}},"21":{"start":{"line":78,"column":4},"end":{"line":78,"column":69}},"22":{"start":{"line":82,"column":21},"end":{"line":85,"column":3}},"23":{"start":{"line":84,"column":4},"end":{"line":84,"column":82}},"24":{"start":{"line":84,"column":24},"end":{"line":84,"column":80}},"25":{"start":{"line":84,"column":38},"end":{"line":84,"column":79}},"26":{"start":{"line":88,"column":21},"end":{"line":109,"column":3}},"27":{"start":{"line":90,"column":22},"end":{"line":90,"column":60}},"28":{"start":{"line":92,"column":4},"end":{"line":108,"column":6}},"29":{"start":{"line":95,"column":23},"end":{"line":95,"column":42}},"30":{"start":{"line":111,"column":2},"end":{"line":133,"column":4}},"31":{"start":{"line":120,"column":32},"end":{"line":120,"column":39}},"32":{"start":{"line":136,"column":15},"end":{"line":168,"column":2}}},"fnMap":{"0":{"name":"NotificationsScreen","decl":{"start":{"line":24,"column":24},"end":{"line":24,"column":43}},"loc":{"start":{"line":24,"column":46},"end":{"line":134,"column":1}},"line":24},"1":{"name":"(anonymous_1)","decl":{"start":{"line":30,"column":24},"end":{"line":30,"column":25}},"loc":{"start":{"line":30,"column":36},"end":{"line":63,"column":3}},"line":30},"2":{"name":"(anonymous_2)","decl":{"start":{"line":65,"column":12},"end":{"line":65,"column":13}},"loc":{"start":{"line":65,"column":18},"end":{"line":67,"column":3}},"line":65},"3":{"name":"(anonymous_3)","decl":{"start":{"line":69,"column":20},"end":{"line":69,"column":21}},"loc":{"start":{"line":69,"column":26},"end":{"line":72,"column":3}},"line":69},"4":{"name":"(anonymous_4)","decl":{"start":{"line":75,"column":25},"end":{"line":75,"column":26}},"loc":{"start":{"line":75,"column":49},"end":{"line":79,"column":3}},"line":75},"5":{"name":"(anonymous_5)","decl":{"start":{"line":82,"column":21},"end":{"line":82,"column":22}},"loc":{"start":{"line":82,"column":37},"end":{"line":85,"column":3}},"line":82},"6":{"name":"(anonymous_6)","decl":{"start":{"line":84,"column":16},"end":{"line":84,"column":17}},"loc":{"start":{"line":84,"column":24},"end":{"line":84,"column":80}},"line":84},"7":{"name":"(anonymous_7)","decl":{"start":{"line":84,"column":33},"end":{"line":84,"column":34}},"loc":{"start":{"line":84,"column":38},"end":{"line":84,"column":79}},"line":84},"8":{"name":"(anonymous_8)","decl":{"start":{"line":88,"column":21},"end":{"line":88,"column":22}},"loc":{"start":{"line":88,"column":57},"end":{"line":109,"column":3}},"line":88},"9":{"name":"(anonymous_9)","decl":{"start":{"line":95,"column":17},"end":{"line":95,"column":18}},"loc":{"start":{"line":95,"column":23},"end":{"line":95,"column":42}},"line":95},"10":{"name":"(anonymous_10)","decl":{"start":{"line":120,"column":24},"end":{"line":120,"column":25}},"loc":{"start":{"line":120,"column":32},"end":{"line":120,"column":39}},"line":120}},"branchMap":{"0":{"loc":{"start":{"line":33,"column":6},"end":{"line":33,"column":25}},"type":"if","locations":[{"start":{"line":33,"column":6},"end":{"line":33,"column":25}},{"start":{},"end":{}}],"line":33},"1":{"loc":{"start":{"line":76,"column":4},"end":{"line":76,"column":37}},"type":"if","locations":[{"start":{"line":76,"column":4},"end":{"line":76,"column":37}},{"start":{},"end":{}}],"line":76},"2":{"loc":{"start":{"line":84,"column":38},"end":{"line":84,"column":79}},"type":"cond-expr","locations":[{"start":{"line":84,"column":52},"end":{"line":84,"column":75}},{"start":{"line":84,"column":78},"end":{"line":84,"column":79}}],"line":84},"3":{"loc":{"start":{"line":94,"column":36},"end":{"line":94,"column":70}},"type":"binary-expr","locations":[{"start":{"line":94,"column":36},"end":{"line":94,"column":49}},{"start":{"line":94,"column":53},"end":{"line":94,"column":70}}],"line":94},"4":{"loc":{"start":{"line":101,"column":13},"end":{"line":101,"column":63}},"type":"binary-expr","locations":[{"start":{"line":101,"column":13},"end":{"line":101,"column":26}},{"start":{"line":101,"column":30},"end":{"line":101,"column":63}}],"line":101},"5":{"loc":{"start":{"line":102,"column":40},"end":{"line":102,"column":75}},"type":"binary-expr","locations":[{"start":{"line":102,"column":40},"end":{"line":102,"column":53}},{"start":{"line":102,"column":57},"end":{"line":102,"column":75}}],"line":102},"6":{"loc":{"start":{"line":113,"column":7},"end":{"line":131,"column":7}},"type":"cond-expr","locations":[{"start":{"line":114,"column":8},"end":{"line":116,"column":15}},{"start":{"line":118,"column":8},"end":{"line":130,"column":10}}],"line":113}},"s":{"0":0,"1":0,"2":0,"3":0,"4":0,"5":0,"6":0,"7":0,"8":0,"9":0,"10":0,"11":0,"12":0,"13":0,"14":0,"15":0,"16":0,"17":0,"18":0,"19":0,"20":0,"21":0,"22":0,"23":0,"24":0,"25":0,"26":0,"27":0,"28":0,"29":0,"30":0,"31":0,"32":0},"f":{"0":0,"1":0,"2":0,"3":0,"4":0,"5":0,"6":0,"7":0,"8":0,"9":0,"10":0},"b":{"0":[0,0],"1":[0,0],"2":[0,0],"3":[0,0],"4":[0,0],"5":[0,0],"6":[0,0]}}
,"C:\\H\\cerami-craft\\app\\(tabs)\\_layout.tsx": {"path":"C:\\H\\cerami-craft\\app\\(tabs)\\_layout.tsx","statementMap":{"0":{"start":{"line":6,"column":2},"end":{"line":72,"column":4}},"1":{"start":{"line":28,"column":12},"end":{"line":28,"column":89}},"2":{"start":{"line":38,"column":12},"end":{"line":38,"column":89}},"3":{"start":{"line":47,"column":12},"end":{"line":47,"column":89}},"4":{"start":{"line":57,"column":12},"end":{"line":57,"column":89}},"5":{"start":{"line":67,"column":12},"end":{"line":67,"column":93}}},"fnMap":{"0":{"name":"TabLayout","decl":{"start":{"line":5,"column":24},"end":{"line":5,"column":33}},"loc":{"start":{"line":5,"column":36},"end":{"line":73,"column":1}},"line":5},"1":{"name":"(anonymous_1)","decl":{"start":{"line":27,"column":22},"end":{"line":27,"column":23}},"loc":{"start":{"line":28,"column":12},"end":{"line":28,"column":89}},"line":28},"2":{"name":"(anonymous_2)","decl":{"start":{"line":37,"column":22},"end":{"line":37,"column":23}},"loc":{"start":{"line":38,"column":12},"end":{"line":38,"column":89}},"line":38},"3":{"name":"(anonymous_3)","decl":{"start":{"line":46,"column":22},"end":{"line":46,"column":23}},"loc":{"start":{"line":47,"column":12},"end":{"line":47,"column":89}},"line":47},"4":{"name":"(anonymous_4)","decl":{"start":{"line":56,"column":22},"end":{"line":56,"column":23}},"loc":{"start":{"line":57,"column":12},"end":{"line":57,"column":89}},"line":57},"5":{"name":"(anonymous_5)","decl":{"start":{"line":66,"column":22},"end":{"line":66,"column":23}},"loc":{"start":{"line":67,"column":12},"end":{"line":67,"column":93}},"line":67}},"branchMap":{"0":{"loc":{"start":{"line":28,"column":28},"end":{"line":28,"column":61}},"type":"cond-expr","locations":[{"start":{"line":28,"column":38},"end":{"line":28,"column":44}},{"start":{"line":28,"column":47},"end":{"line":28,"column":61}}],"line":28},"1":{"loc":{"start":{"line":38,"column":28},"end":{"line":38,"column":61}},"type":"cond-expr","locations":[{"start":{"line":38,"column":38},"end":{"line":38,"column":44}},{"start":{"line":38,"column":47},"end":{"line":38,"column":61}}],"line":38},"2":{"loc":{"start":{"line":47,"column":28},"end":{"line":47,"column":61}},"type":"cond-expr","locations":[{"start":{"line":47,"column":38},"end":{"line":47,"column":44}},{"start":{"line":47,"column":47},"end":{"line":47,"column":61}}],"line":47},"3":{"loc":{"start":{"line":57,"column":28},"end":{"line":57,"column":61}},"type":"cond-expr","locations":[{"start":{"line":57,"column":38},"end":{"line":57,"column":44}},{"start":{"line":57,"column":47},"end":{"line":57,"column":61}}],"line":57},"4":{"loc":{"start":{"line":67,"column":28},"end":{"line":67,"column":65}},"type":"cond-expr","locations":[{"start":{"line":67,"column":38},"end":{"line":67,"column":46}},{"start":{"line":67,"column":49},"end":{"line":67,"column":65}}],"line":67}},"s":{"0":0,"1":0,"2":0,"3":0,"4":0,"5":0},"f":{"0":0,"1":0,"2":0,"3":0,"4":0,"5":0},"b":{"0":[0,0],"1":[0,0],"2":[0,0],"3":[0,0],"4":[0,0]}}
,"C:\\H\\cerami-craft\\app\\(tabs)\\cart.tsx": {"path":"C:\\H\\cerami-craft\\app\\(tabs)\\cart.tsx","statementMap":{"0":{"start":{"line":29,"column":19},"end":{"line":29,"column":30}},"1":{"start":{"line":30,"column":40},"end":{"line":30,"column":54}},"2":{"start":{"line":36,"column":8},"end":{"line":36,"column":17}},"3":{"start":{"line":40,"column":8},"end":{"line":40,"column":27}},"4":{"start":{"line":43,"column":44},"end":{"line":43,"column":59}},"5":{"start":{"line":44,"column":40},"end":{"line":44,"column":52}},"6":{"start":{"line":45,"column":32},"end":{"line":45,"column":45}},"7":{"start":{"line":46,"column":52},"end":{"line":46,"column":67}},"8":{"start":{"line":49,"column":4},"end":{"line":64,"column":6}},"9":{"start":{"line":51,"column":33},"end":{"line":61,"column":7}},"10":{"start":{"line":52,"column":22},"end":{"line":52,"column":46}},"11":{"start":{"line":53,"column":27},"end":{"line":53,"column":46}},"12":{"start":{"line":54,"column":8},"end":{"line":57,"column":9}},"13":{"start":{"line":55,"column":10},"end":{"line":55,"column":31}},"14":{"start":{"line":56,"column":10},"end":{"line":56,"column":17}},"15":{"start":{"line":58,"column":8},"end":{"line":58,"column":28}},"16":{"start":{"line":59,"column":8},"end":{"line":59,"column":19}},"17":{"start":{"line":60,"column":8},"end":{"line":60,"column":25}},"18":{"start":{"line":62,"column":6},"end":{"line":62,"column":25}},"19":{"start":{"line":67,"column":24},"end":{"line":79,"column":5}},"20":{"start":{"line":68,"column":6},"end":{"line":78,"column":7}},"21":{"start":{"line":70,"column":8},"end":{"line":73,"column":9}},"22":{"start":{"line":71,"column":22},"end":{"line":71,"column":41}},"23":{"start":{"line":72,"column":10},"end":{"line":72,"column":65}},"24":{"start":{"line":72,"column":30},"end":{"line":72,"column":65}},"25":{"start":{"line":75,"column":8},"end":{"line":75,"column":44}},"26":{"start":{"line":77,"column":8},"end":{"line":77,"column":49}},"27":{"start":{"line":81,"column":27},"end":{"line":89,"column":5}},"28":{"start":{"line":82,"column":6},"end":{"line":85,"column":7}},"29":{"start":{"line":83,"column":8},"end":{"line":83,"column":63}},"30":{"start":{"line":84,"column":8},"end":{"line":84,"column":15}},"31":{"start":{"line":86,"column":28},"end":{"line":86,"column":67}},"32":{"start":{"line":86,"column":53},"end":{"line":86,"column":66}},"33":{"start":{"line":87,"column":6},"end":{"line":87,"column":60}},"34":{"start":{"line":88,"column":6},"end":{"line":88,"column":31}},"35":{"start":{"line":91,"column":26},"end":{"line":99,"column":5}},"36":{"start":{"line":92,"column":6},"end":{"line":98,"column":7}},"37":{"start":{"line":93,"column":8},"end":{"line":93,"column":39}},"38":{"start":{"line":94,"column":8},"end":{"line":94,"column":31}},"39":{"start":{"line":95,"column":8},"end":{"line":95,"column":26}},"40":{"start":{"line":102,"column":26},"end":{"line":102,"column":82}},"41":{"start":{"line":102,"column":71},"end":{"line":102,"column":81}},"42":{"start":{"line":104,"column":4},"end":{"line":118,"column":5}},"43":{"start":{"line":105,"column":6},"end":{"line":117,"column":8}},"44":{"start":{"line":112,"column":68},"end":{"line":112,"column":89}},"45":{"start":{"line":120,"column":4},"end":{"line":135,"column":5}},"46":{"start":{"line":121,"column":6},"end":{"line":134,"column":8}},"47":{"start":{"line":129,"column":68},"end":{"line":129,"column":84}},"48":{"start":{"line":137,"column":4},"end":{"line":315,"column":6}},"49":{"start":{"line":149,"column":29},"end":{"line":149,"column":60}},"50":{"start":{"line":163,"column":14},"end":{"line":207,"column":21}},"51":{"start":{"line":165,"column":49},"end":{"line":165,"column":70}},"52":{"start":{"line":188,"column":39},"end":{"line":188,"column":78}},"53":{"start":{"line":195,"column":39},"end":{"line":195,"column":78}},"54":{"start":{"line":202,"column":53},"end":{"line":202,"column":74}},"55":{"start":{"line":215,"column":47},"end":{"line":215,"column":68}},"56":{"start":{"line":228,"column":35},"end":{"line":228,"column":73}},"57":{"start":{"line":303,"column":76},"end":{"line":303,"column":98}},"58":{"start":{"line":318,"column":17},"end":{"line":384,"column":4}}},"fnMap":{"0":{"name":"CartScreen","decl":{"start":{"line":28,"column":26},"end":{"line":28,"column":36}},"loc":{"start":{"line":28,"column":39},"end":{"line":316,"column":3}},"line":28},"1":{"name":"(anonymous_1)","decl":{"start":{"line":50,"column":18},"end":{"line":50,"column":19}},"loc":{"start":{"line":50,"column":24},"end":{"line":63,"column":7}},"line":50},"2":{"name":"(anonymous_2)","decl":{"start":{"line":51,"column":33},"end":{"line":51,"column":34}},"loc":{"start":{"line":51,"column":45},"end":{"line":61,"column":7}},"line":51},"3":{"name":"(anonymous_3)","decl":{"start":{"line":67,"column":24},"end":{"line":67,"column":25}},"loc":{"start":{"line":67,"column":45},"end":{"line":79,"column":5}},"line":67},"4":{"name":"(anonymous_4)","decl":{"start":{"line":81,"column":27},"end":{"line":81,"column":28}},"loc":{"start":{"line":81,"column":33},"end":{"line":89,"column":5}},"line":81},"5":{"name":"(anonymous_5)","decl":{"start":{"line":86,"column":45},"end":{"line":86,"column":46}},"loc":{"start":{"line":86,"column":53},"end":{"line":86,"column":66}},"line":86},"6":{"name":"(anonymous_6)","decl":{"start":{"line":91,"column":26},"end":{"line":91,"column":27}},"loc":{"start":{"line":91,"column":38},"end":{"line":99,"column":5}},"line":91},"7":{"name":"(anonymous_7)","decl":{"start":{"line":102,"column":66},"end":{"line":102,"column":67}},"loc":{"start":{"line":102,"column":71},"end":{"line":102,"column":81}},"line":102},"8":{"name":"(anonymous_8)","decl":{"start":{"line":112,"column":62},"end":{"line":112,"column":63}},"loc":{"start":{"line":112,"column":68},"end":{"line":112,"column":89}},"line":112},"9":{"name":"(anonymous_9)","decl":{"start":{"line":129,"column":62},"end":{"line":129,"column":63}},"loc":{"start":{"line":129,"column":68},"end":{"line":129,"column":84}},"line":129},"10":{"name":"(anonymous_10)","decl":{"start":{"line":149,"column":23},"end":{"line":149,"column":24}},"loc":{"start":{"line":149,"column":29},"end":{"line":149,"column":60}},"line":149},"11":{"name":"(anonymous_11)","decl":{"start":{"line":162,"column":27},"end":{"line":162,"column":28}},"loc":{"start":{"line":163,"column":14},"end":{"line":207,"column":21}},"line":163},"12":{"name":"(anonymous_12)","decl":{"start":{"line":165,"column":43},"end":{"line":165,"column":44}},"loc":{"start":{"line":165,"column":49},"end":{"line":165,"column":70}},"line":165},"13":{"name":"(anonymous_13)","decl":{"start":{"line":188,"column":33},"end":{"line":188,"column":34}},"loc":{"start":{"line":188,"column":39},"end":{"line":188,"column":78}},"line":188},"14":{"name":"(anonymous_14)","decl":{"start":{"line":195,"column":33},"end":{"line":195,"column":34}},"loc":{"start":{"line":195,"column":39},"end":{"line":195,"column":78}},"line":195},"15":{"name":"(anonymous_15)","decl":{"start":{"line":202,"column":47},"end":{"line":202,"column":48}},"loc":{"start":{"line":202,"column":53},"end":{"line":202,"column":74}},"line":202},"16":{"name":"(anonymous_16)","decl":{"start":{"line":215,"column":41},"end":{"line":215,"column":42}},"loc":{"start":{"line":215,"column":47},"end":{"line":215,"column":68}},"line":215},"17":{"name":"(anonymous_17)","decl":{"start":{"line":228,"column":29},"end":{"line":228,"column":30}},"loc":{"start":{"line":228,"column":35},"end":{"line":228,"column":73}},"line":228},"18":{"name":"(anonymous_18)","decl":{"start":{"line":303,"column":70},"end":{"line":303,"column":71}},"loc":{"start":{"line":303,"column":76},"end":{"line":303,"column":98}},"line":303}},"branchMap":{"0":{"loc":{"start":{"line":54,"column":8},"end":{"line":57,"column":9}},"type":"if","locations":[{"start":{"line":54,"column":8},"end":{"line":57,"column":9}},{"start":{},"end":{}}],"line":54},"1":{"loc":{"start":{"line":54,"column":12},"end":{"line":54,"column":33}},"type":"binary-expr","locations":[{"start":{"line":54,"column":12},"end":{"line":54,"column":18}},{"start":{"line":54,"column":22},"end":{"line":54,"column":33}}],"line":54},"2":{"loc":{"start":{"line":70,"column":8},"end":{"line":73,"column":9}},"type":"if","locations":[{"start":{"line":70,"column":8},"end":{"line":73,"column":9}},{"start":{},"end":{}}],"line":70},"3":{"loc":{"start":{"line":72,"column":10},"end":{"line":72,"column":65}},"type":"if","locations":[{"start":{"line":72,"column":10},"end":{"line":72,"column":65}},{"start":{},"end":{}}],"line":72},"4":{"loc":{"start":{"line":82,"column":6},"end":{"line":85,"column":7}},"type":"if","locations":[{"start":{"line":82,"column":6},"end":{"line":85,"column":7}},{"start":{},"end":{}}],"line":82},"5":{"loc":{"start":{"line":87,"column":37},"end":{"line":87,"column":58}},"type":"binary-expr","locations":[{"start":{"line":87,"column":37},"end":{"line":87,"column":50}},{"start":{"line":87,"column":54},"end":{"line":87,"column":58}}],"line":87},"6":{"loc":{"start":{"line":102,"column":26},"end":{"line":102,"column":82}},"type":"binary-expr","locations":[{"start":{"line":102,"column":26},"end":{"line":102,"column":46}},{"start":{"line":102,"column":50},"end":{"line":102,"column":82}}],"line":102},"7":{"loc":{"start":{"line":104,"column":4},"end":{"line":118,"column":5}},"type":"if","locations":[{"start":{"line":104,"column":4},"end":{"line":118,"column":5}},{"start":{},"end":{}}],"line":104},"8":{"loc":{"start":{"line":120,"column":4},"end":{"line":135,"column":5}},"type":"if","locations":[{"start":{"line":120,"column":4},"end":{"line":135,"column":5}},{"start":{},"end":{}}],"line":120},"9":{"loc":{"start":{"line":120,"column":8},"end":{"line":120,"column":27}},"type":"binary-expr","locations":[{"start":{"line":120,"column":8},"end":{"line":120,"column":16}},{"start":{"line":120,"column":20},"end":{"line":120,"column":27}}],"line":120},"10":{"loc":{"start":{"line":152,"column":22},"end":{"line":152,"column":67}},"type":"cond-expr","locations":[{"start":{"line":152,"column":38},"end":{"line":152,"column":48}},{"start":{"line":152,"column":51},"end":{"line":152,"column":67}}],"line":152},"11":{"loc":{"start":{"line":154,"column":23},"end":{"line":154,"column":57}},"type":"cond-expr","locations":[{"start":{"line":154,"column":39},"end":{"line":154,"column":48}},{"start":{"line":154,"column":51},"end":{"line":154,"column":57}}],"line":154},"12":{"loc":{"start":{"line":167,"column":26},"end":{"line":167,"column":71}},"type":"cond-expr","locations":[{"start":{"line":167,"column":42},"end":{"line":167,"column":52}},{"start":{"line":167,"column":55},"end":{"line":167,"column":71}}],"line":167},"13":{"loc":{"start":{"line":169,"column":27},"end":{"line":169,"column":61}},"type":"cond-expr","locations":[{"start":{"line":169,"column":43},"end":{"line":169,"column":52}},{"start":{"line":169,"column":55},"end":{"line":169,"column":61}}],"line":169},"14":{"loc":{"start":{"line":219,"column":13},"end":{"line":242,"column":13}},"type":"cond-expr","locations":[{"start":{"line":220,"column":14},"end":{"line":239,"column":21}},{"start":{"line":241,"column":14},"end":{"line":241,"column":68}}],"line":219},"15":{"loc":{"start":{"line":224,"column":21},"end":{"line":224,"column":91}},"type":"cond-expr","locations":[{"start":{"line":224,"column":40},"end":{"line":224,"column":82}},{"start":{"line":224,"column":85},"end":{"line":224,"column":91}}],"line":224},"16":{"loc":{"start":{"line":224,"column":45},"end":{"line":224,"column":68}},"type":"binary-expr","locations":[{"start":{"line":224,"column":45},"end":{"line":224,"column":63}},{"start":{"line":224,"column":67},"end":{"line":224,"column":68}}],"line":224},"17":{"loc":{"start":{"line":232,"column":28},"end":{"line":232,"column":80}},"type":"cond-expr","locations":[{"start":{"line":232,"column":47},"end":{"line":232,"column":60}},{"start":{"line":232,"column":63},"end":{"line":232,"column":80}}],"line":232},"18":{"loc":{"start":{"line":248,"column":13},"end":{"line":269,"column":13}},"type":"cond-expr","locations":[{"start":{"line":249,"column":14},"end":{"line":266,"column":17}},{"start":{"line":268,"column":14},"end":{"line":268,"column":94}}],"line":248},"19":{"loc":{"start":{"line":279,"column":16},"end":{"line":279,"column":79}},"type":"cond-expr","locations":[{"start":{"line":279,"column":32},"end":{"line":279,"column":70}},{"start":{"line":279,"column":73},"end":{"line":279,"column":79}}],"line":279},"20":{"loc":{"start":{"line":283,"column":40},"end":{"line":283,"column":85}},"type":"binary-expr","locations":[{"start":{"line":283,"column":40},"end":{"line":283,"column":63}},{"start":{"line":283,"column":67},"end":{"line":283,"column":85}}],"line":283},"21":{"loc":{"start":{"line":293,"column":42},"end":{"line":293,"column":86}},"type":"cond-expr","locations":[{"start":{"line":293,"column":66},"end":{"line":293,"column":75}},{"start":{"line":293,"column":78},"end":{"line":293,"column":86}}],"line":293},"22":{"loc":{"start":{"line":307,"column":19},"end":{"line":307,"column":132}},"type":"cond-expr","locations":[{"start":{"line":307,"column":34},"end":{"line":307,"column":67}},{"start":{"line":307,"column":70},"end":{"line":307,"column":132}}],"line":307}},"s":{"0":0,"1":0,"2":0,"3":0,"4":0,"5":0,"6":0,"7":0,"8":0,"9":0,"10":0,"11":0,"12":0,"13":0,"14":0,"15":0,"16":0,"17":0,"18":0,"19":0,"20":0,"21":0,"22":0,"23":0,"24":0,"25":0,"26":0,"27":0,"28":0,"29":0,"30":0,"31":0,"32":0,"33":0,"34":0,"35":0,"36":0,"37":0,"38":0,"39":0,"40":0,"41":0,"42":0,"43":0,"44":0,"45":0,"46":0,"47":0,"48":0,"49":0,"50":0,"51":0,"52":0,"53":0,"54":0,"55":0,"56":0,"57":0,"58":0},"f":{"0":0,"1":0,"2":0,"3":0,"4":0,"5":0,"6":0,"7":0,"8":0,"9":0,"10":0,"11":0,"12":0,"13":0,"14":0,"15":0,"16":0,"17":0,"18":0},"b":{"0":[0,0],"1":[0,0],"2":[0,0],"3":[0,0],"4":[0,0],"5":[0,0],"6":[0,0],"7":[0,0],"8":[0,0],"9":[0,0],"10":[0,0],"11":[0,0],"12":[0,0],"13":[0,0],"14":[0,0],"15":[0,0],"16":[0,0],"17":[0,0],"18":[0,0],"19":[0,0],"20":[0,0],"21":[0,0],"22":[0,0]}}
,"C:\\H\\cerami-craft\\app\\(tabs)\\index.tsx": {"path":"C:\\H\\cerami-craft\\app\\(tabs)\\index.tsx","statementMap":{"0":{"start":{"line":22,"column":18},"end":{"line":22,"column":42}},"1":{"start":{"line":24,"column":19},"end":{"line":24,"column":35}},"2":{"start":{"line":25,"column":19},"end":{"line":25,"column":64}},"3":{"start":{"line":28,"column":17},"end":{"line":28,"column":28}},"4":{"start":{"line":31,"column":34},"end":{"line":31,"column":53}},"5":{"start":{"line":32,"column":32},"end":{"line":32,"column":47}},"6":{"start":{"line":33,"column":28},"end":{"line":33,"column":57}},"7":{"start":{"line":35,"column":44},"end":{"line":35,"column":56}},"8":{"start":{"line":36,"column":50},"end":{"line":36,"column":62}},"9":{"start":{"line":37,"column":36},"end":{"line":37,"column":49}},"10":{"start":{"line":40,"column":58},"end":{"line":40,"column":73}},"11":{"start":{"line":41,"column":50},"end":{"line":41,"column":65}},"12":{"start":{"line":44,"column":21},"end":{"line":49,"column":3}},"13":{"start":{"line":51,"column":22},"end":{"line":54,"column":3}},"14":{"start":{"line":56,"column":28},"end":{"line":56,"column":92}},"15":{"start":{"line":56,"column":50},"end":{"line":56,"column":71}},"16":{"start":{"line":58,"column":23},"end":{"line":77,"column":3}},"17":{"start":{"line":59,"column":4},"end":{"line":62,"column":5}},"18":{"start":{"line":60,"column":6},"end":{"line":60,"column":61}},"19":{"start":{"line":61,"column":6},"end":{"line":61,"column":16}},"20":{"start":{"line":64,"column":4},"end":{"line":75,"column":5}},"21":{"start":{"line":66,"column":21},"end":{"line":66,"column":40}},"22":{"start":{"line":67,"column":6},"end":{"line":72,"column":7}},"23":{"start":{"line":68,"column":25},"end":{"line":68,"column":72}},"24":{"start":{"line":68,"column":47},"end":{"line":68,"column":71}},"25":{"start":{"line":69,"column":8},"end":{"line":69,"column":24}},"26":{"start":{"line":71,"column":8},"end":{"line":71,"column":57}},"27":{"start":{"line":74,"column":6},"end":{"line":74,"column":61}},"28":{"start":{"line":76,"column":4},"end":{"line":76,"column":21}},"29":{"start":{"line":79,"column":22},"end":{"line":83,"column":1}},"30":{"start":{"line":80,"column":17},"end":{"line":80,"column":38}},"31":{"start":{"line":81,"column":16},"end":{"line":81,"column":50}},"32":{"start":{"line":82,"column":2},"end":{"line":82,"column":15}},"33":{"start":{"line":85,"column":26},"end":{"line":99,"column":1}},"34":{"start":{"line":86,"column":2},"end":{"line":97,"column":3}},"35":{"start":{"line":88,"column":23},"end":{"line":88,"column":54}},"36":{"start":{"line":89,"column":4},"end":{"line":96,"column":5}},"37":{"start":{"line":91,"column":6},"end":{"line":93,"column":7}},"38":{"start":{"line":92,"column":8},"end":{"line":92,"column":35}},"39":{"start":{"line":95,"column":6},"end":{"line":95,"column":56}},"40":{"start":{"line":98,"column":2},"end":{"line":98,"column":19}},"41":{"start":{"line":102,"column":24},"end":{"line":123,"column":3}},"42":{"start":{"line":103,"column":4},"end":{"line":103,"column":21}}
[...]
,"C:\\H\\cerami-craft\\src\\config\\api-endpoints.ts": {"path":"C:\\H\\cerami-craft\\src\\config\\api-endpoints.ts","statementMap":{"0":{"start":{"line":1,"column":24},"end":{"line":1,"column":48}},"1":{"start":{"line":9,"column":29},"end":{"line":16,"column":10}},"2":{"start":{"line":19,"column":30},"end":{"line":39,"column":10}},"3":{"start":{"line":42,"column":33},"end":{"line":56,"column":10}},"4":{"start":{"line":59,"column":31},"end":{"line":62,"column":10}},"5":{"start":{"line":65,"column":33},"end":{"line":70,"column":10}},"6":{"start":{"line":73,"column":25},"end":{"line":75,"column":10}},"7":{"start":{"line":78,"column":29},"end":{"line":84,"column":10}}},"fnMap":{},"branchMap":{},"s":{"0":0,"1":0,"2":0,"3":0,"4":0,"5":0,"6":0,"7":0},"f":{},"b":{}}
,"C:\\H\\cerami-craft\\src\\types\\api.ts": {"path":"C:\\H\\cerami-craft\\src\\types\\api.ts","statementMap":{},"fnMap":{},"branchMap":{},"s":{},"f":{},"b":{}}
,"C:\\H\\cerami-craft\\src\\utils\\auth.ts": {"path":"C:\\H\\cerami-craft\\src\\utils\\auth.ts","statementMap":{"0":{"start":{"line":4,"column":28},"end":{"line":16,"column":1}},"1":{"start":{"line":5,"column":2},"end":{"line":5,"column":27}},"2":{"start":{"line":5,"column":14},"end":{"line":5,"column":27}},"3":{"start":{"line":6,"column":2},"end":{"line":15,"column":3}},"4":{"start":{"line":7,"column":20},"end":{"line":7,"column":53}},"5":{"start":{"line":9,"column":24},"end":{"line":9,"column":53}},"6":{"start":{"line":11,"column":4},"end":{"line":11,"column":42}},"7":{"start":{"line":13,"column":4},"end":{"line":13,"column":35}},"8":{"start":{"line":14,"column":4},"end":{"line":14,"column":17}}},"fnMap":{"0":{"name":"(anonymous_0)","decl":{"start":{"line":4,"column":28},"end":{"line":4,"column":29}},"loc":{"start":{"line":4,"column":63},"end":{"line":16,"column":1}},"line":4}},"branchMap":{"0":{"loc":{"start":{"line":5,"column":2},"end":{"line":5,"column":27}},"type":"if","locations":[{"start":{"line":5,"column":2},"end":{"line":5,"column":27}},{"start":{},"end":{}}],"line":5}},"s":{"0":1,"1":4,"2":2,"3":2,"4":2,"5":2,"6":2,"7":0,"8":0},"f":{"0":4},"b":{"0":[2,2]},"_coverageSchema":"1a1c01bbd47fc00a2c39e90264f33305004495a9","hash":"c495a7fb6a9281f29b8b4ca1c350c05e05bee8c6"}
,"C:\\H\\cerami-craft\\src\\utils\\crypto.ts": {"path":"C:\\H\\cerami-craft\\src\\utils\\crypto.ts","statementMap":{"0":{"start":{"line":3,"column":30},"end":{"line":55,"column":1}},"1":{"start":{"line":4,"column":2},"end":{"line":54,"column":3}},"2":{"start":{"line":5,"column":4},"end":{"line":5,"column":44}},"3":{"start":{"line":8,"column":21},"end":{"line":8,"column":54}},"4":{"start":{"line":9,"column":25},"end":{"line":9,"column":61}},"5":{"start":{"line":11,"column":4},"end":{"line":11,"column":69}},"6":{"start":{"line":12,"column":4},"end":{"line":12,"column":57}},"7":{"start":{"line":15,"column":26},"end":{"line":15,"column":70}},"8":{"start":{"line":18,"column":18},"end":{"line":18,"column":44}},"9":{"start":{"line":21,"column":25},"end":{"line":21,"column":52}},"10":{"start":{"line":22,"column":23},"end":{"line":22,"column":59}},"11":{"start":{"line":24,"column":16},"end":{"line":24,"column":42}},"12":{"start":{"line":26,"column":4},"end":{"line":26,"column":109}},"13":{"start":{"line":29,"column":21},"end":{"line":29,"column":69}},"14":{"start":{"line":31,"column":4},"end":{"line":36,"column":7}},"15":{"start":{"line":38,"column":4},"end":{"line":38,"column":64}},"16":{"start":{"line":41,"column":17},"end":{"line":41,"column":34}},"17":{"start":{"line":43,"column":4},"end":{"line":50,"column":5}},"18":{"start":{"line":44,"column":21},"end":{"line":44,"column":70}},"19":{"start":{"line":45,"column":6},"end":{"line":45,"column":35}},"20":{"start":{"line":46,"column":6},"end":{"line":46,"column":20}},"21":{"start":{"line":48,"column":6},"end":{"line":48,"column":67}},"22":{"start":{"line":49,"column":6},"end":{"line":49,"column":18}},"23":{"start":{"line":52,"column":4},"end":{"line":52,"column":43}},"24":{"start":{"line":53,"column":4},"end":{"line":53,"column":16}}},"fnMap":{"0":{"name":"(anonymous_0)","decl":{"start":{"line":3,"column":30},"end":{"line":3,"column":31}},"loc":{"start":{"line":3,"column":96},"end":{"line":55,"column":1}},"line":3}},"branchMap":{"0":{"loc":{"start":{"line":43,"column":4},"end":{"line":50,"column":5}},"type":"if","locations":[{"start":{"line":43,"column":4},"end":{"line":50,"column":5}},{"start":{"line":47,"column":11},"end":{"line":50,"column":5}}],"line":43}},"s":{"0":1,"1":5,"2":5,"3":5,"4":4,"5":4,"6":4,"7":4,"8":4,"9":4,"10":4,"11":4,"12":4,"13":4,"14":4,"15":4,"16":4,"17":4,"18":3,"19":3,"20":3,"21":1,"22":1,"23":1,"24":1},"f":{"0":5},"b":{"0":[3,1]},"_coverageSchema":"1a1c01bbd47fc00a2c39e90264f33305004495a9","hash":"1e18066ff63b66f48fd6886dd8023ee36512e8b6"}
,"C:\\H\\cerami-craft\\src\\utils\\image.ts": {"path":"C:\\H\\cerami-craft\\src\\utils\\image.ts","statementMap":{"0":{"start":{"line":9,"column":28},"end":{"line":21,"column":1}},"1":{"start":{"line":10,"column":2},"end":{"line":12,"column":3}},"2":{"start":{"line":11,"column":4},"end":{"line":11,"column":14}},"3":{"start":{"line":15,"column":2},"end":{"line":17,"column":3}},"4":{"start":{"line":16,"column":4},"end":{"line":16,"column":18}},"5":{"start":{"line":20,"column":2},"end":{"line":20,"column":42}},"6":{"start":{"line":28,"column":32},"end":{"line":38,"column":1}},"7":{"start":{"line":29,"column":2},"end":{"line":29,"column":26}},"8":{"start":{"line":29,"column":16},"end":{"line":29,"column":26}},"9":{"start":{"line":32,"column":2},"end":{"line":34,"column":3}},"10":{"start":{"line":33,"column":4},"end":{"line":33,"column":19}},"11":{"start":{"line":37,"column":2},"end":{"line":37,"column":49}},"12":{"start":{"line":41,"column":29},"end":{"line":60,"column":1}},"13":{"start":{"line":42,"column":2},"end":{"line":45,"column":3}},"14":{"start":{"line":43,"column":4},"end":{"line":43,"column":59}},"15":{"start":{"line":44,"column":4},"end":{"line":44,"column":14}},"16":{"start":{"line":47,"column":2},"end":{"line":58,"column":3}},"17":{"start":{"line":49,"column":19},"end":{"line":49,"column":38}},"18":{"start":{"line":50,"column":4},"end":{"line":55,"column":5}},"19":{"start":{"line":51,"column":23},"end":{"line":51,"column":70}},"20":{"start":{"line":51,"column":45},"end":{"line":51,"column":69}},"21":{"start":{"line":52,"column":6},"end":{"line":52,"column":22}},"22":{"start":{"line":54,"column":6},"end":{"line":54,"column":55}},"23":{"start":{"line":57,"column":4},"end":{"line":57,"column":59}},"24":{"start":{"line":59,"column":2},"end":{"line":59,"column":19}},"25":{"start":{"line":61,"column":22},"end":{"line":65,"column":1}},"26":{"start":{"line":62,"column":17},"end":{"line":62,"column":38}},"27":{"start":{"line":63,"column":16},"end":{"line":63,"column":50}},"28":{"start":{"line":64,"column":2},"end":{"line":64,"column":15}},"29":{"start":{"line":66,"column":31},"end":{"line":81,"column":1}},"30":{"start":{"line":67,"column":21},"end":{"line":67,"column":66}},"31":{"start":{"line":68,"column":2},"end":{"line":79,"column":3}},"32":{"start":{"line":70,"column":23},"end":{"line":70,"column":54}},"33":{"start":{"line":71,"column":4},"end":{"line":78,"column":5}},"34":{"start":{"line":73,"column":6},"end":{"line":75,"column":7}},"35":{"start":{"line":74,"column":8},"end":{"line":74,"column":35}},"36":{"start":{"line":77,"column":6},"end":{"line":77,"column":56}},"37":{"start":{"line":80,"column":2},"end":{"line":80,"column":19}}},"fnMap":{"0":{"name":"(anonymous_0)","decl":{"start":{"line":9,"column":28},"end":{"line":9,"column":29}},"loc":{"start":{"line":9,"column":75},"end":{"line":21,"column":1}},"line":9},"1":{"name":"(anonymous_1)","decl":{"start":{"line":28,"column":32},"end":{"line":28,"column":33}},"loc":{"start":{"line":28,"column":61},"end":{"line":38,"column":1}},"line":28},"2":{"name":"(anonymous_2)","decl":{"start":{"line":41,"column":29},"end":{"line":41,"column":30}},"loc":{"start":{"line":41,"column":60},"end":{"line":60,"column":1}},"line":41},"3":{"name":"(anonymous_3)","decl":{"start":{"line":51,"column":37},"end":{"line":51,"column":38}},"loc":{"start":{"line":51,"column":45},"end":{"line":51,"column":69}},"line":51},"4":{"name":"(anonymous_4)","decl":{"start":{"line":61,"column":22},"end":{"line":61,"column":23}},"loc":{"start":{"line":61,"column":51},"end":{"line":65,"column":1}},"line":61},"5":{"name":"(anonymous_5)","decl":{"start":{"line":66,"column":31},"end":{"line":66,"column":32}},"loc":{"start":{"line":66,"column":53},"end":{"line":81,"column":1}},"line":66}},"branchMap":{"0":{"loc":{"start":{"line":10,"column":2},"end":{"line":12,"column":3}},"type":"if","locations":[{"start":{"line":10,"column":2},"end":{"line":12,"column":3}},{"start":{},"end":{}}],"line":10},"1":{"loc":{"start":{"line":10,"column":6},"end":{"line":10,"column":31}},"type":"binary-expr","locations":[{"start":{"line":10,"column":6},"end":{"line":10,"column":13}},{"start":{"line":10,"column":17},"end":{"line":10,"column":31}}],"line":10},"2":{"loc":{"start":{"line":15,"column":2},"end":{"line":17,"column":3}},"type":"if","locations":[{"start":{"line":15,"column":2},"end":{"line":17,"column":3}},{"start":{},"end":{}}],"line":15},"3":{"loc":{"start":{"line":15,"column":6},"end":{"line":15,"column":67}},"type":"binary-expr","locations":[{"start":{"line":15,"column":6},"end":{"line":15,"column":34}},{"start":{"line":15,"column":38},"end":{"line":15,"column":67}}],"line":15},"4":{"loc":{"start":{"line":29,"column":2},"end":{"line":29,"column":26}},"type":"if","locations":[{"start":{"line":29,"column":2},"end":{"line":29,"column":26}},{"start":{},"end":{}}],"line":29},"5":{"loc":{"start":{"line":32,"column":2},"end":{"line":34,"column":3}},"type":"if","locations":[{"start":{"line":32,"column":2},"end":{"line":34,"column":3}},{"start":{},"end":{}}],"line":32},"6":{"loc":{"start":{"line":42,"column":2},"end":{"line":45,"column":3}},"type":"if","locations":[{"start":{"line":42,"column":2},"end":{"line":45,"column":3}},{"start":{},"end":{}}],"line":42},"7":{"loc":{"start":{"line":50,"column":4},"end":{"line":55,"column":5}},"type":"if","locations":[{"start":{"line":50,"column":4},"end":{"line":55,"column":5}},{"start":{"line":53,"column":11},"end":{"line":55,"column":5}}],"line":50},"8":{"loc":{"start":{"line":63,"column":16},"end":{"line":63,"column":50}},"type":"cond-expr","locations":[{"start":{"line":63,"column":36},"end":{"line":63,"column":45}},{"start":{"line":63,"column":48},"end":{"line":63,"column":50}}],"line":63},"9":{"loc":{"start":{"line":68,"column":2},"end":{"line":79,"column":3}},"type":"if","locations":[{"start":{"line":68,"column":2},"end":{"line":79,"column":3}},{"start":{},"end":{}}],"line":68},"10":{"loc":{"start":{"line":68,"column":6},"end":{"line":68,"column":49}},"type":"binary-expr","locations":[{"start":{"line":68,"column":6},"end":{"line":68,"column":22}},{"start":{"line":68,"column":26},"end":{"line":68,"column":49}}],"line":68},"11":{"loc":{"start":{"line":71,"column":4},"end":{"line":78,"column":5}},"type":"if","locations":[{"start":{"line":71,"column":4},"end":{"line":78,"column":5}},{"start":{},"end":{}}],"line":71},"12":{"loc":{"start":{"line":73,"column":6},"end":{"line":75,"column":7}},"type":"if","locations":[{"start":{"line":73,"column":6},"end":{"line":75,"column":7}},{"start":{},"end":{}}],"line":73},"13":{"loc":{"start":{"line":73,"column":10},"end":{"line":73,"column":79}},"type":"binary-expr","locations":[{"start":{"line":73,"column":10},"end":{"line":73,"column":42}},{"start":{"line":73,"column":46},"end":{"line":73,"column":79}}],"line":73}},"s":{"0":1,"1":8,"2":4,"3":4,"4":2,"5":2,"6":1,"7":5,"8":1,"9":4,"10":1,"11":3,"12":1,"13":14,"14":1,"15":1,"16":13,"17":13,"18":10,"19":9,"20":20,"21":9,"22":1,"23":3,"24":4,"25":1,"26":5,"27":5,"28":5,"29":1,"30":7,"31":7,"32":5,"33":5,"34":5,"35":2,"36":3,"37":2},"f":{"0":8,"1":5,"2":14,"3":20,"4":5,"5":7},"b":{"0":[4,4],"1":[8,5],"2":[2,2],"3":[4,3],"4":[1,4],"5":[1,3],"6":[1,13],"7":[9,1],"8":[5,0],"9":[5,2],"10":[7,6],"11":[5,0],"12":[2,3],"13":[5,4]},"_coverageSchema":"1a1c01bbd47fc00a2c39e90264f33305004495a9","hash":"f949956ef022326f9754c477990c817e4d412978"}
,"C:\\H\\cerami-craft\\src\\utils\\index.ts": {"path":"C:\\H\\cerami-craft\\src\\utils\\index.ts","statementMap":{"0":{"start":{"line":7,"column":28},"end":{"line":11,"column":1}},"1":{"start":{"line":9,"column":21},"end":{"line":9,"column":155}},"2":{"start":{"line":10,"column":2},"end":{"line":10,"column":32}},"3":{"start":{"line":14,"column":31},"end":{"line":27,"column":1}},"4":{"start":{"line":16,"column":2},"end":{"line":18,"column":3}},"5":{"start":{"line":17,"column":4},"end":{"line":17,"column":17}},"6":{"start":{"line":21,"column":20},"end":{"line":21,"column":45}},"7":{"start":{"line":24,"column":20},"end":{"line":24,"column":42}},"8":{"start":{"line":26,"column":2},"end":{"line":26,"column":32}},"9":{"start":{"line":30,"column":32},"end":{"line":55,"column":1}},"10":{"start":{"line":31,"column":2},"end":{"line":33,"column":3}},"11":{"start":{"line":32,"column":4},"end":{"line":32,"column":34}},"12":{"start":{"line":35,"column":2},"end":{"line":37,"column":3}},"13":{"start":{"line":36,"column":4},"end":{"line":36,"column":57}},"14":{"start":{"line":39,"column":20},"end":{"line":39,"column":45}},"15":{"start":{"line":40,"column":20},"end":{"line":40,"column":42}},"16":{"start":{"line":42,"column":2},"end":{"line":44,"column":3}},"17":{"start":{"line":43,"column":4},"end":{"line":43,"column":60}},"18":{"start":{"line":46,"column":2},"end":{"line":48,"column":3}},"19":{"start":{"line":47,"column":4},"end":{"line":47,"column":55}},"20":{"start":{"line":50,"column":2},"end":{"line":52,"column":3}},"21":{"start":{"line":51,"column":4},"end":{"line":51,"column":55}},"22":{"start":{"line":54,"column":2},"end":{"line":54,"column":14}}},"fnMap":{"0":{"name":"(anonymous_0)","decl":{"start":{"line":7,"column":28},"end":{"line":7,"column":29}},"loc":{"start":{"line":7,"column":56},"end":{"line":11,"column":1}},"line":7},"1":{"name":"(anonymous_1)","decl":{"start":{"line":14,"column":31},"end":{"line":14,"column":32}},"loc":{"start":{"line":14,"column":62},"end":{"line":27,"column":1}},"line":14},"2":{"name":"(anonymous_2)","decl":{"start":{"line":30,"column":32},"end":{"line":30,"column":33}},"loc":{"start":{"line":30,"column":69},"end":{"line":55,"column":1}},"line":30}},"branchMap":{"0":{"loc":{"start":{"line":16,"column":2},"end":{"line":18,"column":3}},"type":"if","locations":[{"start":{"line":16,"column":2},"end":{"line":18,"column":3}},{"start":{},"end":{}}],"line":16},"1":{"loc":{"start":{"line":26,"column":9},"end":{"line":26,"column":31}},"type":"binary-expr","locations":[{"start":{"line":26,"column":9},"end":{"line":26,"column":18}},{"start":{"line":26,"column":22},"end":{"line":26,"column":31}}],"line":26},"2":{"loc":{"start":{"line":31,"column":2},"end":{"line":33,"column":3}},"type":"if","locations":[{"start":{"line":31,"column":2},"end":{"line":33,"column":3}},{"start":{},"end":{}}],"line":31},"3":{"loc":{"start":{"line":35,"column":2},"end":{"line":37,"column":3}},"type":"if","locations":[{"start":{"line":35,"column":2},"end":{"line":37,"column":3}},{"start":{},"end":{}}],"line":35},"4":{"loc":{"start":{"line":42,"column":2},"end":{"line":44,"column":3}},"type":"if","locations":[{"start":{"line":42,"column":2},"end":{"line":44,"column":3}},{"start":{},"end":{}}],"line":42},"5":{"loc":{"start":{"line":42,"column":6},"end":{"line":42,"column":30}},"type":"binary-expr","locations":[{"start":{"line":42,"column":6},"end":{"line":42,"column":16}},{"start":{"line":42,"column":20},"end":{"line":42,"column":30}}],"line":42},"6":{"loc":{"start":{"line":46,"column":2},"end":{"line":48,"column":3}},"type":"if","locations":[{"start":{"line":46,"column":2},"end":{"line":48,"column":3}},{"start":{},"end":{}}],"line":46},"7":{"loc":{"start":{"line":50,"column":2},"end":{"line":52,"column":3}},"type":"if","locations":[{"start":{"line":50,"column":2},"end":{"line":52,"column":3}},{"start":{},"end":{}}],"line":50}},"s":{"0":0,"1":0,"2":0,"3":0,"4":0,"5":0,"6":0,"7":0,"8":0,"9":0,"10":0,"11":0,"12":0,"13":0,"14":0,"15":0,"16":0,"17":0,"18":0,"19":0,"20":0,"21":0,"22":0},"f":{"0":0,"1":0,"2":0},"b":{"0":[0,0],"1":[0,0],"2":[0,0],"3":[0,0],"4":[0,0],"5":[0,0],"6":[0,0],"7":[0,0]}}
,"C:\\H\\cerami-craft\\src\\utils\\storage.ts": {"path":"C:\\H\\cerami-craft\\src\\utils\\storage.ts","statementMap":{"0":{"start":{"line":4,"column":18},"end":{"line":4,"column":30}},"1":{"start":{"line":6,"column":28},"end":{"line":53,"column":1}},"2":{"start":{"line":12,"column":4},"end":{"line":20,"column":5}},"3":{"start":{"line":13,"column":6},"end":{"line":17,"column":7}},"4":{"start":{"line":14,"column":8},"end":{"line":14,"column":47}},"5":{"start":{"line":16,"column":8},"end":{"line":16,"column":57}},"6":{"start":{"line":19,"column":6},"end":{"line":19,"column":50}},"7":{"start":{"line":27,"column":4},"end":{"line":36,"column":5}},"8":{"start":{"line":28,"column":6},"end":{"line":32,"column":7}},"9":{"start":{"line":29,"column":8},"end":{"line":29,"column":47}},"10":{"start":{"line":31,"column":8},"end":{"line":31,"column":57}},"11":{"start":{"line":34,"column":6},"end":{"line":34,"column":49}},"12":{"start":{"line":35,"column":6},"end":{"line":35,"column":18}},"13":{"start":{"line":43,"column":4},"end":{"line":51,"column":5}},"14":{"start":{"line":44,"column":6},"end":{"line":48,"column":7}},"15":{"start":{"line":45,"column":8},"end":{"line":45,"column":43}},"16":{"start":{"line":47,"column":8},"end":{"line":47,"column":53}},"17":{"start":{"line":50,"column":6},"end":{"line":50,"column":52}}},"fnMap":{"0":{"name":"(anonymous_0)","decl":{"start":{"line":11,"column":2},"end":{"line":11,"column":3}},"loc":{"start":{"line":11,"column":28},"end":{"line":21,"column":3}},"line":11},"1":{"name":"(anonymous_1)","decl":{"start":{"line":26,"column":2},"end":{"line":26,"column":3}},"loc":{"start":{"line":26,"column":14},"end":{"line":37,"column":3}},"line":26},"2":{"name":"(anonymous_2)","decl":{"start":{"line":42,"column":2},"end":{"line":42,"column":3}},"loc":{"start":{"line":42,"column":17},"end":{"line":52,"column":3}},"line":42}},"branchMap":{"0":{"loc":{"start":{"line":13,"column":6},"end":{"line":17,"column":7}},"type":"if","locations":[{"start":{"line":13,"column":6},"end":{"line":17,"column":7}},{"start":{"line":15,"column":13},"end":{"line":17,"column":7}}],"line":13},"1":{"loc":{"start":{"line":28,"column":6},"end":{"line":32,"column":7}},"type":"if","locations":[{"start":{"line":28,"column":6},"end":{"line":32,"column":7}},{"start":{"line":30,"column":13},"end":{"line":32,"column":7}}],"line":28},"2":{"loc":{"start":{"line":44,"column":6},"end":{"line":48,"column":7}},"type":"if","locations":[{"start":{"line":44,"column":6},"end":{"line":48,"column":7}},{"start":{"line":46,"column":13},"end":{"line":48,"column":7}}],"line":44}},"s":{"0":0,"1":0,"2":0,"3":0,"4":0,"5":0,"6":0,"7":0,"8":0,"9":0,"10":0,"11":0,"12":0,"13":0,"14":0,"15":0,"16":0,"17":0},"f":{"0":0,"1":0,"2":0},"b":{"0":[0,0],"1":[0,0],"2":[0,0]}}
}
